# JRE version: Java(TM) SE Runtime Environment (24.0+36) (build 24+36-3646)
# Java VM: Java HotSpot(TM) 64-Bit Server VM (24+36-3646, mixed mode, sharing, tiered, compressed oops, compressed class ptrs, parallel gc, windows-amd64)
GC Precious Log:
 CardTable entry size: 512
 CPUs: 8 total, 8 available
 Memory: 7876M
 Large Page Support: Disabled
 NUMA Support: Disabled
 Compressed Oops: Enabled (32-bit)
 Alignments: Space 512K, Generation 512K, Heap 2M
 Heap Min Capacity: 100M
 Heap Initial Capacity: 100M
 Heap Max Capacity: 2G
 Pre-touch: Disabled
 Parallel Workers: 8
Heap:
 PSYoungGen      total 32256K, used 31471K [0x00000000d5580000, 0x00000000d7900000, 0x0000000100000000)
  eden space 31232K, 97% used [0x00000000d5580000,0x00000000d73402e8,0x00000000d7400000)
  from space 1024K, 98% used [0x00000000d7600000,0x00000000d76fbb40,0x00000000d7700000)
  to   space 2048K, 0% used [0x00000000d7700000,0x00000000d7700000,0x00000000d7900000)
 ParOldGen       total 568832K, used 568478K [0x0000000080000000, 0x00000000a2b80000, 0x00000000d5580000)
  object space 568832K, 99% used [0x0000000080000000,0x00000000a2b27b20,0x00000000a2b80000)
 Metaspace       used 74485K, committed 75904K, reserved 1179648K
  class space    used 6837K, committed 7488K, reserved 1048576K
GC Heap History (20 events):
Event: 30.528 GC heap before
{Heap before GC invocations=175 (full 3):
 PSYoungGen      total 31232K, used 31231K [0x00000000d5580000, 0x00000000d7780000, 0x0000000100000000)
  eden space 29696K, 100% used [0x00000000d5580000,0x00000000d7280000,0x00000000d7280000)
  from space 1536K, 99% used [0x00000000d7300000,0x00000000d747fdc0,0x00000000d7480000)
  to   space 2560K, 0% used [0x00000000d7500000,0x00000000d7500000,0x00000000d7780000)
 ParOldGen       total 556032K, used 555962K [0x0000000080000000, 0x00000000a1f00000, 0x00000000d5580000)
  object space 556032K, 99% used [0x0000000080000000,0x00000000a1eee950,0x00000000a1f00000)
 Metaspace       used 68560K, committed 69888K, reserved 1114112K
  class space    used 6177K, committed 6720K, reserved 1048576K
}
Event: 30.532 GC heap after
{Heap after GC invocations=175 (full 3):
 PSYoungGen      total 31232K, used 1284K [0x00000000d5580000, 0x00000000d7680000, 0x0000000100000000)
  eden space 29696K, 0% used [0x00000000d5580000,0x00000000d5580000,0x00000000d7280000)
  from space 1536K, 83% used [0x00000000d7500000,0x00000000d7641210,0x00000000d7680000)
  to   space 2048K, 0% used [0x00000000d7280000,0x00000000d7280000,0x00000000d7480000)
 ParOldGen       total 557056K, used 556882K [0x0000000080000000, 0x00000000a2000000, 0x00000000d5580000)
  object space 557056K, 99% used [0x0000000080000000,0x00000000a1fd4848,0x00000000a2000000)
 Metaspace       used 68560K, committed 69888K, reserved 1114112K
  class space    used 6177K, committed 6720K, reserved 1048576K
}
Event: 31.674 GC heap before
{Heap before GC invocations=176 (full 3):
 PSYoungGen      total 31232K, used 30948K [0x00000000d5580000, 0x00000000d7680000, 0x0000000100000000)
  eden space 29696K, 99% used [0x00000000d5580000,0x00000000d72781b0,0x00000000d7280000)
  from space 1536K, 83% used [0x00000000d7500000,0x00000000d7641210,0x00000000d7680000)
  to   space 2048K, 0% used [0x00000000d7280000,0x00000000d7280000,0x00000000d7480000)
 ParOldGen       total 557056K, used 556882K [0x0000000080000000, 0x00000000a2000000, 0x00000000d5580000)
  object space 557056K, 99% used [0x0000000080000000,0x00000000a1fd4848,0x00000000a2000000)
 Metaspace       used 68695K, committed 70016K, reserved 1114112K
  class space    used 6187K, committed 6720K, reserved 1048576K
}
Event: 31.678 GC heap after
{Heap after GC invocations=176 (full 3):
 PSYoungGen      total 31232K, used 2034K [0x00000000d5580000, 0x00000000d7f00000, 0x0000000100000000)
  eden space 29184K, 0% used [0x00000000d5580000,0x00000000d5580000,0x00000000d7200000)
  from space 2048K, 99% used [0x00000000d7280000,0x00000000d747c8b8,0x00000000d7480000)
  to   space 6656K, 0% used [0x00000000d7880000,0x00000000d7880000,0x00000000d7f00000)
 ParOldGen       total 560640K, used 560441K [0x0000000080000000, 0x00000000a2380000, 0x00000000d5580000)
  object space 560640K, 99% used [0x0000000080000000,0x00000000a234e718,0x00000000a2380000)
 Metaspace       used 68695K, committed 70016K, reserved 1114112K
  class space    used 6187K, committed 6720K, reserved 1048576K
}
Event: 33.345 GC heap before
{Heap before GC invocations=177 (full 3):
 PSYoungGen      total 31232K, used 31218K [0x00000000d5580000, 0x00000000d7f00000, 0x0000000100000000)
  eden space 29184K, 100% used [0x00000000d5580000,0x00000000d7200000,0x00000000d7200000)
  from space 2048K, 99% used [0x00000000d7280000,0x00000000d747c8b8,0x00000000d7480000)
  to   space 6656K, 0% used [0x00000000d7880000,0x00000000d7880000,0x00000000d7f00000)
 ParOldGen       total 560640K, used 560441K [0x0000000080000000, 0x00000000a2380000, 0x00000000d5580000)
  object space 560640K, 99% used [0x0000000080000000,0x00000000a234e718,0x00000000a2380000)
 Metaspace       used 70390K, committed 71680K, reserved 1114112K
  class space    used 6396K, committed 6976K, reserved 1048576K
}
Event: 33.351 GC heap after
{Heap after GC invocations=177 (full 3):
 PSYoungGen      total 30208K, used 1285K [0x00000000d5580000, 0x00000000d7a00000, 0x0000000100000000)
  eden space 28672K, 0% used [0x00000000d5580000,0x00000000d5580000,0x00000000d7180000)
  from space 1536K, 83% used [0x00000000d7880000,0x00000000d79c1410,0x00000000d7a00000)
  to   space 3072K, 0% used [0x00000000d7400000,0x00000000d7400000,0x00000000d7700000)
 ParOldGen       total 562688K, used 562520K [0x0000000080000000, 0x00000000a2580000, 0x00000000d5580000)
  object space 562688K, 99% used [0x0000000080000000,0x00000000a2556368,0x00000000a2580000)
 Metaspace       used 70390K, committed 71680K, reserved 1114112K
  class space    used 6396K, committed 6976K, reserved 1048576K
}
Event: 34.471 GC heap before
{Heap before GC invocations=178 (full 3):
 PSYoungGen      total 30208K, used 29957K [0x00000000d5580000, 0x00000000d7a00000, 0x0000000100000000)
  eden space 28672K, 100% used [0x00000000d5580000,0x00000000d7180000,0x00000000d7180000)
  from space 1536K, 83% used [0x00000000d7880000,0x00000000d79c1410,0x00000000d7a00000)
  to   space 3072K, 0% used [0x00000000d7400000,0x00000000d7400000,0x00000000d7700000)
 ParOldGen       total 562688K, used 562520K [0x0000000080000000, 0x00000000a2580000, 0x00000000d5580000)
  object space 562688K, 99% used [0x0000000080000000,0x00000000a2556368,0x00000000a2580000)
 Metaspace       used 70807K, committed 72128K, reserved 1179648K
  class space    used 6435K, committed 7040K, reserved 1048576K
}
Event: 34.476 GC heap after
{Heap after GC invocations=178 (full 3):
 PSYoungGen      total 34304K, used 816K [0x00000000d5580000, 0x00000000d7900000, 0x0000000100000000)
  eden space 31232K, 0% used [0x00000000d5580000,0x00000000d5580000,0x00000000d7400000)
  from space 3072K, 26% used [0x00000000d7400000,0x00000000d74cc030,0x00000000d7700000)
  to   space 1536K, 0% used [0x00000000d7780000,0x00000000d7780000,0x00000000d7900000)
 ParOldGen       total 563712K, used 563568K [0x0000000080000000, 0x00000000a2680000, 0x00000000d5580000)
  object space 563712K, 99% used [0x0000000080000000,0x00000000a265c2e8,0x00000000a2680000)
 Metaspace       used 70807K, committed 72128K, reserved 1179648K
  class space    used 6435K, committed 7040K, reserved 1048576K
}
Event: 301.749 GC heap before
{Heap before GC invocations=179 (full 3):
 PSYoungGen      total 34304K, used 32048K [0x00000000d5580000, 0x00000000d7900000, 0x0000000100000000)
  eden space 31232K, 100% used [0x00000000d5580000,0x00000000d7400000,0x00000000d7400000)
  from space 3072K, 26% used [0x00000000d7400000,0x00000000d74cc030,0x00000000d7700000)
  to   space 1536K, 0% used [0x00000000d7780000,0x00000000d7780000,0x00000000d7900000)
 ParOldGen       total 563712K, used 563568K [0x0000000080000000, 0x00000000a2680000, 0x00000000d5580000)
  object space 563712K, 99% used [0x0000000080000000,0x00000000a265c2e8,0x00000000a2680000)
 Metaspace       used 71078K, committed 72448K, reserved 1179648K
  class space    used 6458K, committed 7040K, reserved 1048576K
}
Event: 301.794 GC heap after
{Heap after GC invocations=179 (full 3):
 PSYoungGen      total 34816K, used 1284K [0x00000000d5580000, 0x00000000d7900000, 0x0000000100000000)
  eden space 33280K, 0% used [0x00000000d5580000,0x00000000d5580000,0x00000000d7600000)
  from space 1536K, 83% used [0x00000000d7780000,0x00000000d78c1250,0x00000000d7900000)
  to   space 1536K, 0% used [0x00000000d7600000,0x00000000d7600000,0x00000000d7780000)
 ParOldGen       total 563712K, used 563696K [0x0000000080000000, 0x00000000a2680000, 0x00000000d5580000)
  object space 563712K, 99% used [0x0000000080000000,0x00000000a267c2e8,0x00000000a2680000)
 Metaspace       used 71078K, committed 72448K, reserved 1179648K
  class space    used 6458K, committed 7040K, reserved 1048576K
}
Event: 304.226 GC heap before
{Heap before GC invocations=180 (full 3):
 PSYoungGen      total 34816K, used 34561K [0x00000000d5580000, 0x00000000d7900000, 0x0000000100000000)
  eden space 33280K, 99% used [0x00000000d5580000,0x00000000d75ff3a8,0x00000000d7600000)
  from space 1536K, 83% used [0x00000000d7780000,0x00000000d78c1250,0x00000000d7900000)
  to   space 1536K, 0% used [0x00000000d7600000,0x00000000d7600000,0x00000000d7780000)
 ParOldGen       total 563712K, used 563696K [0x0000000080000000, 0x00000000a2680000, 0x00000000d5580000)
  object space 563712K, 99% used [0x0000000080000000,0x00000000a267c2e8,0x00000000a2680000)
 Metaspace       used 72025K, committed 73408K, reserved 1179648K
  class space    used 6576K, committed 7168K, reserved 1048576K
}
Event: 304.228 GC heap after
{Heap after GC invocations=180 (full 3):
 PSYoungGen      total 33792K, used 980K [0x00000000d5580000, 0x00000000d7880000, 0x0000000100000000)
  eden space 32768K, 0% used [0x00000000d5580000,0x00000000d5580000,0x00000000d7580000)
  from space 1024K, 95% used [0x00000000d7600000,0x00000000d76f5200,0x00000000d7700000)
  to   space 1536K, 0% used [0x00000000d7700000,0x00000000d7700000,0x00000000d7880000)
 ParOldGen       total 564224K, used 563832K [0x0000000080000000, 0x00000000a2700000, 0x00000000d5580000)
  object space 564224K, 99% used [0x0000000080000000,0x00000000a269e308,0x00000000a2700000)
 Metaspace       used 72025K, committed 73408K, reserved 1179648K
  class space    used 6576K, committed 7168K, reserved 1048576K
}
Event: 305.172 GC heap before
{Heap before GC invocations=181 (full 3):
 PSYoungGen      total 33792K, used 33748K [0x00000000d5580000, 0x00000000d7880000, 0x0000000100000000)
  eden space 32768K, 100% used [0x00000000d5580000,0x00000000d7580000,0x00000000d7580000)
  from space 1024K, 95% used [0x00000000d7600000,0x00000000d76f5200,0x00000000d7700000)
  to   space 1536K, 0% used [0x00000000d7700000,0x00000000d7700000,0x00000000d7880000)
 ParOldGen       total 564224K, used 563832K [0x0000000080000000, 0x00000000a2700000, 0x00000000d5580000)
  object space 564224K, 99% used [0x0000000080000000,0x00000000a269e308,0x00000000a2700000)
 Metaspace       used 72516K, committed 73920K, reserved 1179648K
  class space    used 6644K, committed 7296K, reserved 1048576K
}
Event: 305.176 GC heap after
{Heap after GC invocations=181 (full 3):
 PSYoungGen      total 33280K, used 746K [0x00000000d5580000, 0x00000000d7800000, 0x0000000100000000)
  eden space 32256K, 0% used [0x00000000d5580000,0x00000000d5580000,0x00000000d7500000)
  from space 1024K, 72% used [0x00000000d7700000,0x00000000d77ba950,0x00000000d7800000)
  to   space 1024K, 0% used [0x00000000d7600000,0x00000000d7600000,0x00000000d7700000)
 ParOldGen       total 564736K, used 564650K [0x0000000080000000, 0x00000000a2780000, 0x00000000d5580000)
  object space 564736K, 99% used [0x0000000080000000,0x00000000a276ab48,0x00000000a2780000)
 Metaspace       used 72516K, committed 73920K, reserved 1179648K
  class space    used 6644K, committed 7296K, reserved 1048576K
}
Event: 306.989 GC heap before
{Heap before GC invocations=182 (full 3):
 PSYoungGen      total 33280K, used 33002K [0x00000000d5580000, 0x00000000d7800000, 0x0000000100000000)
  eden space 32256K, 100% used [0x00000000d5580000,0x00000000d7500000,0x00000000d7500000)
  from space 1024K, 72% used [0x00000000d7700000,0x00000000d77ba950,0x00000000d7800000)
  to   space 1024K, 0% used [0x00000000d7600000,0x00000000d7600000,0x00000000d7700000)
 ParOldGen       total 564736K, used 564650K [0x0000000080000000, 0x00000000a2780000, 0x00000000d5580000)
  object space 564736K, 99% used [0x0000000080000000,0x00000000a276ab48,0x00000000a2780000)
 Metaspace       used 72962K, committed 74432K, reserved 1179648K
  class space    used 6678K, committed 7360K, reserved 1048576K
}
Event: 306.993 GC heap after
{Heap after GC invocations=182 (full 3):
 PSYoungGen      total 32768K, used 1018K [0x00000000d5580000, 0x00000000d7780000, 0x0000000100000000)
  eden space 31744K, 0% used [0x00000000d5580000,0x00000000d5580000,0x00000000d7480000)
  from space 1024K, 99% used [0x00000000d7600000,0x00000000d76fe920,0x00000000d7700000)
  to   space 512K, 0% used [0x00000000d7700000,0x00000000d7700000,0x00000000d7780000)
 ParOldGen       total 565248K, used 564986K [0x0000000080000000, 0x00000000a2800000, 0x00000000d5580000)
  object space 565248K, 99% used [0x0000000080000000,0x00000000a27be840,0x00000000a2800000)
 Metaspace       used 72962K, committed 74432K, reserved 1179648K
  class space    used 6678K, committed 7360K, reserved 1048576K
}
Event: 307.426 GC heap before
{Heap before GC invocations=183 (full 3):
 PSYoungGen      total 32768K, used 32762K [0x00000000d5580000, 0x00000000d7780000, 0x0000000100000000)
  eden space 31744K, 100% used [0x00000000d5580000,0x00000000d7480000,0x00000000d7480000)
  from space 1024K, 99% used [0x00000000d7600000,0x00000000d76fe920,0x00000000d7700000)
  to   space 512K, 0% used [0x00000000d7700000,0x00000000d7700000,0x00000000d7780000)
 ParOldGen       total 565248K, used 564986K [0x0000000080000000, 0x00000000a2800000, 0x00000000d5580000)
  object space 565248K, 99% used [0x0000000080000000,0x00000000a27be840,0x00000000a2800000)
 Metaspace       used 73770K, committed 75200K, reserved 1179648K
  class space    used 6776K, committed 7424K, reserved 1048576K
}
Event: 309.430 GC heap after
{Heap after GC invocations=183 (full 3):
 PSYoungGen      total 32256K, used 511K [0x00000000d5580000, 0x00000000d7780000, 0x0000000100000000)
  eden space 31744K, 0% used [0x00000000d5580000,0x00000000d5580000,0x00000000d7480000)
  from space 512K, 99% used [0x00000000d7700000,0x00000000d777fc48,0x00000000d7780000)
  to   space 1024K, 0% used [0x00000000d7600000,0x00000000d7600000,0x00000000d7700000)
 ParOldGen       total 567808K, used 567650K [0x0000000080000000, 0x00000000a2a80000, 0x00000000d5580000)
  object space 567808K, 99% used [0x0000000080000000,0x00000000a2a58920,0x00000000a2a80000)
 Metaspace       used 73770K, committed 75200K, reserved 1179648K
  class space    used 6776K, committed 7424K, reserved 1048576K
}
Event: 310.716 GC heap before
{Heap before GC invocations=184 (full 3):
 PSYoungGen      total 32256K, used 32255K [0x00000000d5580000, 0x00000000d7780000, 0x0000000100000000)
  eden space 31744K, 100% used [0x00000000d5580000,0x00000000d7480000,0x00000000d7480000)
  from space 512K, 99% used [0x00000000d7700000,0x00000000d777fc48,0x00000000d7780000)
  to   space 1024K, 0% used [0x00000000d7600000,0x00000000d7600000,0x00000000d7700000)
 ParOldGen       total 567808K, used 567650K [0x0000000080000000, 0x00000000a2a80000, 0x00000000d5580000)
  object space 567808K, 99% used [0x0000000080000000,0x00000000a2a58920,0x00000000a2a80000)
 Metaspace       used 74342K, committed 75776K, reserved 1179648K
  class space    used 6831K, committed 7488K, reserved 1048576K
}
Event: 310.721 GC heap after
{Heap after GC invocations=184 (full 3):
 PSYoungGen      total 32256K, used 1006K [0x00000000d5580000, 0x00000000d7900000, 0x0000000100000000)
  eden space 31232K, 0% used [0x00000000d5580000,0x00000000d5580000,0x00000000d7400000)
  from space 1024K, 98% used [0x00000000d7600000,0x00000000d76fbb40,0x00000000d7700000)
  to   space 2048K, 0% used [0x00000000d7700000,0x00000000d7700000,0x00000000d7900000)
 ParOldGen       total 568832K, used 568478K [0x0000000080000000, 0x00000000a2b80000, 0x00000000d5580000)
  object space 568832K, 99% used [0x0000000080000000,0x00000000a2b27b20,0x00000000a2b80000)
 Metaspace       used 74342K, committed 75776K, reserved 1179648K
  class space    used 6831K, committed 7488K, reserved 1048576K
}

