# JRE version: Java(TM) SE Runtime Environment (24.0+36) (build 24+36-3646)
# Java VM: Java HotSpot(TM) 64-Bit Server VM (24+36-3646, mixed mode, sharing, tiered, compressed oops, compressed class ptrs, parallel gc, windows-amd64)
GC Precious Log:
 CardTable entry size: 512
 CPUs: 8 total, 8 available
 Memory: 7876M
 Large Page Support: Disabled
 NUMA Support: Disabled
 Compressed Oops: Enabled (32-bit)
 Alignments: Space 512K, Generation 512K, Heap 2M
 Heap Min Capacity: 100M
 Heap Initial Capacity: 100M
 Heap Max Capacity: 2G
 Pre-touch: Disabled
 Parallel Workers: 8
Heap:
 PSYoungGen      total 29184K, used 8095K [0x00000000d5580000, 0x00000000d7f00000, 0x0000000100000000)
  eden space 26624K, 21% used [0x00000000d5580000,0x00000000d5b119a0,0x00000000d6f80000)
  from space 2560K, 93% used [0x00000000d7c80000,0x00000000d7ed6450,0x00000000d7f00000)
  to   space 4608K, 0% used [0x00000000d7600000,0x00000000d7600000,0x00000000d7a80000)
 ParOldGen       total 898048K, used 897723K [0x0000000080000000, 0x00000000b6d00000, 0x00000000d5580000)
  object space 898048K, 99% used [0x0000000080000000,0x00000000b6caed40,0x00000000b6d00000)
 Metaspace       used 70824K, committed 72192K, reserved 1114112K
  class space    used 6407K, committed 6976K, reserved 1048576K
GC Heap History (20 events):
Event: 37.156 GC heap before
{Heap before GC invocations=314 (full 3):
 PSYoungGen      total 32768K, used 32600K [0x00000000d5580000, 0x00000000d7980000, 0x0000000100000000)
  eden space 29696K, 100% used [0x00000000d5580000,0x00000000d7280000,0x00000000d7280000)
  from space 3072K, 94% used [0x00000000d7680000,0x00000000d79560f8,0x00000000d7980000)
  to   space 3072K, 0% used [0x00000000d7380000,0x00000000d7380000,0x00000000d7680000)
 ParOldGen       total 852992K, used 852913K [0x0000000080000000, 0x00000000b4100000, 0x00000000d5580000)
  object space 852992K, 99% used [0x0000000080000000,0x00000000b40ec6c0,0x00000000b4100000)
 Metaspace       used 69804K, committed 71168K, reserved 1114112K
  class space    used 6277K, committed 6848K, reserved 1048576K
}
Event: 37.161 GC heap after
{Heap after GC invocations=314 (full 3):
 PSYoungGen      total 32256K, used 3064K [0x00000000d5580000, 0x00000000d7f00000, 0x0000000100000000)
  eden space 29184K, 0% used [0x00000000d5580000,0x00000000d5580000,0x00000000d7200000)
  from space 3072K, 99% used [0x00000000d7380000,0x00000000d767e008,0x00000000d7680000)
  to   space 6656K, 0% used [0x00000000d7880000,0x00000000d7880000,0x00000000d7f00000)
 ParOldGen       total 856064K, used 855666K [0x0000000080000000, 0x00000000b4400000, 0x00000000d5580000)
  object space 856064K, 99% used [0x0000000080000000,0x00000000b439cb10,0x00000000b4400000)
 Metaspace       used 69804K, committed 71168K, reserved 1114112K
  class space    used 6277K, committed 6848K, reserved 1048576K
}
Event: 37.233 GC heap before
{Heap before GC invocations=315 (full 3):
 PSYoungGen      total 32256K, used 32248K [0x00000000d5580000, 0x00000000d7f00000, 0x0000000100000000)
  eden space 29184K, 100% used [0x00000000d5580000,0x00000000d7200000,0x00000000d7200000)
  from space 3072K, 99% used [0x00000000d7380000,0x00000000d767e008,0x00000000d7680000)
  to   space 6656K, 0% used [0x00000000d7880000,0x00000000d7880000,0x00000000d7f00000)
 ParOldGen       total 856064K, used 855666K [0x0000000080000000, 0x00000000b4400000, 0x00000000d5580000)
  object space 856064K, 99% used [0x0000000080000000,0x00000000b439cb10,0x00000000b4400000)
 Metaspace       used 69810K, committed 71168K, reserved 1114112K
  class space    used 6277K, committed 6848K, reserved 1048576K
}
Event: 37.238 GC heap after
{Heap after GC invocations=315 (full 3):
 PSYoungGen      total 32256K, used 3457K [0x00000000d5580000, 0x00000000d7c00000, 0x0000000100000000)
  eden space 28672K, 0% used [0x00000000d5580000,0x00000000d5580000,0x00000000d7180000)
  from space 3584K, 96% used [0x00000000d7880000,0x00000000d7be07a8,0x00000000d7c00000)
  to   space 4608K, 0% used [0x00000000d7300000,0x00000000d7300000,0x00000000d7780000)
 ParOldGen       total 858624K, used 858552K [0x0000000080000000, 0x00000000b4680000, 0x00000000d5580000)
  object space 858624K, 99% used [0x0000000080000000,0x00000000b466e128,0x00000000b4680000)
 Metaspace       used 69810K, committed 71168K, reserved 1114112K
  class space    used 6277K, committed 6848K, reserved 1048576K
}
Event: 37.305 GC heap before
{Heap before GC invocations=316 (full 3):
 PSYoungGen      total 32256K, used 32129K [0x00000000d5580000, 0x00000000d7c00000, 0x0000000100000000)
  eden space 28672K, 100% used [0x00000000d5580000,0x00000000d7180000,0x00000000d7180000)
  from space 3584K, 96% used [0x00000000d7880000,0x00000000d7be07a8,0x00000000d7c00000)
  to   space 4608K, 0% used [0x00000000d7300000,0x00000000d7300000,0x00000000d7780000)
 ParOldGen       total 858624K, used 858552K [0x0000000080000000, 0x00000000b4680000, 0x00000000d5580000)
  object space 858624K, 99% used [0x0000000080000000,0x00000000b466e128,0x00000000b4680000)
 Metaspace       used 69810K, committed 71168K, reserved 1114112K
  class space    used 6277K, committed 6848K, reserved 1048576K
}
Event: 37.309 GC heap after
{Heap after GC invocations=316 (full 3):
 PSYoungGen      total 31744K, used 1409K [0x00000000d5580000, 0x00000000d7900000, 0x0000000100000000)
  eden space 30208K, 0% used [0x00000000d5580000,0x00000000d5580000,0x00000000d7300000)
  from space 1536K, 91% used [0x00000000d7300000,0x00000000d7460440,0x00000000d7480000)
  to   space 2560K, 0% used [0x00000000d7680000,0x00000000d7680000,0x00000000d7900000)
 ParOldGen       total 859648K, used 859488K [0x0000000080000000, 0x00000000b4780000, 0x00000000d5580000)
  object space 859648K, 99% used [0x0000000080000000,0x00000000b4758128,0x00000000b4780000)
 Metaspace       used 69810K, committed 71168K, reserved 1114112K
  class space    used 6277K, committed 6848K, reserved 1048576K
}
Event: 37.350 GC heap before
{Heap before GC invocations=317 (full 3):
 PSYoungGen      total 31744K, used 31617K [0x00000000d5580000, 0x00000000d7900000, 0x0000000100000000)
  eden space 30208K, 100% used [0x00000000d5580000,0x00000000d7300000,0x00000000d7300000)
  from space 1536K, 91% used [0x00000000d7300000,0x00000000d7460440,0x00000000d7480000)
  to   space 2560K, 0% used [0x00000000d7680000,0x00000000d7680000,0x00000000d7900000)
 ParOldGen       total 859648K, used 859488K [0x0000000080000000, 0x00000000b4780000, 0x00000000d5580000)
  object space 859648K, 99% used [0x0000000080000000,0x00000000b4758128,0x00000000b4780000)
 Metaspace       used 69810K, committed 71168K, reserved 1114112K
  class space    used 6277K, committed 6848K, reserved 1048576K
}
Event: 37.354 GC heap after
{Heap after GC invocations=317 (full 3):
 PSYoungGen      total 30720K, used 2540K [0x00000000d5580000, 0x00000000d7d80000, 0x0000000100000000)
  eden space 28160K, 0% used [0x00000000d5580000,0x00000000d5580000,0x00000000d7100000)
  from space 2560K, 99% used [0x00000000d7680000,0x00000000d78fb008,0x00000000d7900000)
  to   space 5632K, 0% used [0x00000000d7100000,0x00000000d7100000,0x00000000d7680000)
 ParOldGen       total 862208K, used 861718K [0x0000000080000000, 0x00000000b4a00000, 0x00000000d5580000)
  object space 862208K, 99% used [0x0000000080000000,0x00000000b4985ad0,0x00000000b4a00000)
 Metaspace       used 69810K, committed 71168K, reserved 1114112K
  class space    used 6277K, committed 6848K, reserved 1048576K
}
Event: 37.438 GC heap before
{Heap before GC invocations=318 (full 3):
 PSYoungGen      total 30720K, used 30700K [0x00000000d5580000, 0x00000000d7d80000, 0x0000000100000000)
  eden space 28160K, 100% used [0x00000000d5580000,0x00000000d7100000,0x00000000d7100000)
  from space 2560K, 99% used [0x00000000d7680000,0x00000000d78fb008,0x00000000d7900000)
  to   space 5632K, 0% used [0x00000000d7100000,0x00000000d7100000,0x00000000d7680000)
 ParOldGen       total 862208K, used 861718K [0x0000000080000000, 0x00000000b4a00000, 0x00000000d5580000)
  object space 862208K, 99% used [0x0000000080000000,0x00000000b4985ad0,0x00000000b4a00000)
 Metaspace       used 69810K, committed 71168K, reserved 1114112K
  class space    used 6277K, committed 6848K, reserved 1048576K
}
Event: 37.442 GC heap after
{Heap after GC invocations=318 (full 3):
 PSYoungGen      total 31232K, used 3096K [0x00000000d5580000, 0x00000000d7880000, 0x0000000100000000)
  eden space 27648K, 0% used [0x00000000d5580000,0x00000000d5580000,0x00000000d7080000)
  from space 3584K, 86% used [0x00000000d7100000,0x00000000d7406008,0x00000000d7480000)
  to   space 4096K, 0% used [0x00000000d7480000,0x00000000d7480000,0x00000000d7880000)
 ParOldGen       total 864256K, used 863886K [0x0000000080000000, 0x00000000b4c00000, 0x00000000d5580000)
  object space 864256K, 99% used [0x0000000080000000,0x00000000b4ba3ad0,0x00000000b4c00000)
 Metaspace       used 69810K, committed 71168K, reserved 1114112K
  class space    used 6277K, committed 6848K, reserved 1048576K
}
Event: 37.536 GC heap before
{Heap before GC invocations=319 (full 3):
 PSYoungGen      total 31232K, used 30147K [0x00000000d5580000, 0x00000000d7880000, 0x0000000100000000)
  eden space 27648K, 97% used [0x00000000d5580000,0x00000000d6feaf70,0x00000000d7080000)
  from space 3584K, 86% used [0x00000000d7100000,0x00000000d7406008,0x00000000d7480000)
  to   space 4096K, 0% used [0x00000000d7480000,0x00000000d7480000,0x00000000d7880000)
 ParOldGen       total 864256K, used 863886K [0x0000000080000000, 0x00000000b4c00000, 0x00000000d5580000)
  object space 864256K, 99% used [0x0000000080000000,0x00000000b4ba3ad0,0x00000000b4c00000)
 Metaspace       used 69858K, committed 71168K, reserved 1114112K
  class space    used 6279K, committed 6848K, reserved 1048576K
}
Event: 37.539 GC heap after
{Heap after GC invocations=319 (full 3):
 PSYoungGen      total 30720K, used 1704K [0x00000000d5580000, 0x00000000d7680000, 0x0000000100000000)
  eden space 28672K, 0% used [0x00000000d5580000,0x00000000d5580000,0x00000000d7180000)
  from space 2048K, 83% used [0x00000000d7480000,0x00000000d762a2c8,0x00000000d7680000)
  to   space 2560K, 0% used [0x00000000d7180000,0x00000000d7180000,0x00000000d7400000)
 ParOldGen       total 866816K, used 866556K [0x0000000080000000, 0x00000000b4e80000, 0x00000000d5580000)
  object space 866816K, 99% used [0x0000000080000000,0x00000000b4e3f0e8,0x00000000b4e80000)
 Metaspace       used 69858K, committed 71168K, reserved 1114112K
  class space    used 6279K, committed 6848K, reserved 1048576K
}
Event: 37.654 GC heap before
{Heap before GC invocations=320 (full 3):
 PSYoungGen      total 30720K, used 30376K [0x00000000d5580000, 0x00000000d7680000, 0x0000000100000000)
  eden space 28672K, 100% used [0x00000000d5580000,0x00000000d7180000,0x00000000d7180000)
  from space 2048K, 83% used [0x00000000d7480000,0x00000000d762a2c8,0x00000000d7680000)
  to   space 2560K, 0% used [0x00000000d7180000,0x00000000d7180000,0x00000000d7400000)
 ParOldGen       total 866816K, used 866556K [0x0000000080000000, 0x00000000b4e80000, 0x00000000d5580000)
  object space 866816K, 99% used [0x0000000080000000,0x00000000b4e3f0e8,0x00000000b4e80000)
 Metaspace       used 69892K, committed 71232K, reserved 1114112K
  class space    used 6283K, committed 6848K, reserved 1048576K
}
Event: 37.665 GC heap after
{Heap after GC invocations=320 (full 3):
 PSYoungGen      total 30720K, used 2553K [0x00000000d5580000, 0x00000000d9700000, 0x0000000100000000)
  eden space 28160K, 0% used [0x00000000d5580000,0x00000000d5580000,0x00000000d7100000)
  from space 2560K, 99% used [0x00000000d7180000,0x00000000d73fe6e8,0x00000000d7400000)
  to   space 19456K, 0% used [0x00000000d8400000,0x00000000d8400000,0x00000000d9700000)
 ParOldGen       total 881152K, used 880705K [0x0000000080000000, 0x00000000b5c80000, 0x00000000d5580000)
  object space 881152K, 99% used [0x0000000080000000,0x00000000b5c10430,0x00000000b5c80000)
 Metaspace       used 69892K, committed 71232K, reserved 1114112K
  class space    used 6283K, committed 6848K, reserved 1048576K
}
Event: 37.849 GC heap before
{Heap before GC invocations=321 (full 3):
 PSYoungGen      total 30720K, used 30713K [0x00000000d5580000, 0x00000000d9700000, 0x0000000100000000)
  eden space 28160K, 100% used [0x00000000d5580000,0x00000000d7100000,0x00000000d7100000)
  from space 2560K, 99% used [0x00000000d7180000,0x00000000d73fe6e8,0x00000000d7400000)
  to   space 19456K, 0% used [0x00000000d8400000,0x00000000d8400000,0x00000000d9700000)
 ParOldGen       total 881152K, used 880705K [0x0000000080000000, 0x00000000b5c80000, 0x00000000d5580000)
  object space 881152K, 99% used [0x0000000080000000,0x00000000b5c10430,0x00000000b5c80000)
 Metaspace       used 69893K, committed 71232K, reserved 1114112K
  class space    used 6283K, committed 6848K, reserved 1048576K
}
Event: 37.863 GC heap after
{Heap after GC invocations=321 (full 3):
 PSYoungGen      total 38400K, used 10276K [0x00000000d5580000, 0x00000000d8e80000, 0x0000000100000000)
  eden space 27648K, 0% used [0x00000000d5580000,0x00000000d5580000,0x00000000d7080000)
  from space 10752K, 95% used [0x00000000d8400000,0x00000000d8e092b8,0x00000000d8e80000)
  to   space 12800K, 0% used [0x00000000d7580000,0x00000000d7580000,0x00000000d8200000)
 ParOldGen       total 883200K, used 882915K [0x0000000080000000, 0x00000000b5e80000, 0x00000000d5580000)
  object space 883200K, 99% used [0x0000000080000000,0x00000000b5e38ca0,0x00000000b5e80000)
 Metaspace       used 69893K, committed 71232K, reserved 1114112K
  class space    used 6283K, committed 6848K, reserved 1048576K
}
Event: 82.085 GC heap before
{Heap before GC invocations=322 (full 3):
 PSYoungGen      total 38400K, used 37914K [0x00000000d5580000, 0x00000000d8e80000, 0x0000000100000000)
  eden space 27648K, 99% used [0x00000000d5580000,0x00000000d707d830,0x00000000d7080000)
  from space 10752K, 95% used [0x00000000d8400000,0x00000000d8e092b8,0x00000000d8e80000)
  to   space 12800K, 0% used [0x00000000d7580000,0x00000000d7580000,0x00000000d8200000)
 ParOldGen       total 883200K, used 882915K [0x0000000080000000, 0x00000000b5e80000, 0x00000000d5580000)
  object space 883200K, 99% used [0x0000000080000000,0x00000000b5e38ca0,0x00000000b5e80000)
 Metaspace       used 70119K, committed 71424K, reserved 1114112K
  class space    used 6297K, committed 6848K, reserved 1048576K
}
Event: 82.137 GC heap after
{Heap after GC invocations=322 (full 3):
 PSYoungGen      total 33792K, used 6198K [0x00000000d5580000, 0x00000000d8480000, 0x0000000100000000)
  eden space 27136K, 0% used [0x00000000d5580000,0x00000000d5580000,0x00000000d7000000)
  from space 6656K, 93% used [0x00000000d7580000,0x00000000d7b8da40,0x00000000d7c00000)
  to   space 8192K, 0% used [0x00000000d7c80000,0x00000000d7c80000,0x00000000d8480000)
 ParOldGen       total 892928K, used 892664K [0x0000000080000000, 0x00000000b6800000, 0x00000000d5580000)
  object space 892928K, 99% used [0x0000000080000000,0x00000000b67be318,0x00000000b6800000)
 Metaspace       used 70119K, committed 71424K, reserved 1114112K
  class space    used 6297K, committed 6848K, reserved 1048576K
}
Event: 83.262 GC heap before
{Heap before GC invocations=323 (full 3):
 PSYoungGen      total 33792K, used 33334K [0x00000000d5580000, 0x00000000d8480000, 0x0000000100000000)
  eden space 27136K, 100% used [0x00000000d5580000,0x00000000d7000000,0x00000000d7000000)
  from space 6656K, 93% used [0x00000000d7580000,0x00000000d7b8da40,0x00000000d7c00000)
  to   space 8192K, 0% used [0x00000000d7c80000,0x00000000d7c80000,0x00000000d8480000)
 ParOldGen       total 892928K, used 892664K [0x0000000080000000, 0x00000000b6800000, 0x00000000d5580000)
  object space 892928K, 99% used [0x0000000080000000,0x00000000b67be318,0x00000000b6800000)
 Metaspace       used 70794K, committed 72192K, reserved 1114112K
  class space    used 6406K, committed 6976K, reserved 1048576K
}
Event: 83.268 GC heap after
{Heap after GC invocations=323 (full 3):
 PSYoungGen      total 29184K, used 2393K [0x00000000d5580000, 0x00000000d7f00000, 0x0000000100000000)
  eden space 26624K, 0% used [0x00000000d5580000,0x00000000d5580000,0x00000000d6f80000)
  from space 2560K, 93% used [0x00000000d7c80000,0x00000000d7ed6450,0x00000000d7f00000)
  to   space 4608K, 0% used [0x00000000d7600000,0x00000000d7600000,0x00000000d7a80000)
 ParOldGen       total 898048K, used 897723K [0x0000000080000000, 0x00000000b6d00000, 0x00000000d5580000)
  object space 898048K, 99% used [0x0000000080000000,0x00000000b6caed40,0x00000000b6d00000)
 Metaspace       used 70794K, committed 72192K, reserved 1114112K
  class space    used 6406K, committed 6976K, reserved 1048576K
}

