# JRE version: Java(TM) SE Runtime Environment (24.0+36) (build 24+36-3646)
# Java VM: Java HotSpot(TM) 64-Bit Server VM (24+36-3646, mixed mode, sharing, tiered, compressed oops, compressed class ptrs, parallel gc, windows-amd64)
GC Precious Log:
 CardTable entry size: 512
 CPUs: 8 total, 8 available
 Memory: 7876M
 Large Page Support: Disabled
 NUMA Support: Disabled
 Compressed Oops: Enabled (32-bit)
 Alignments: Space 512K, Generation 512K, Heap 2M
 Heap Min Capacity: 100M
 Heap Initial Capacity: 100M
 Heap Max Capacity: 2G
 Pre-touch: Disabled
 Parallel Workers: 8
Heap:
 PSYoungGen      total 25088K, used 11692K [0x00000000d5580000, 0x00000000d7f00000, 0x0000000100000000)
  eden space 21504K, 37% used [0x00000000d5580000,0x00000000d5d6c798,0x00000000d6a80000)
  from space 3584K, 99% used [0x00000000d7300000,0x00000000d767eb78,0x00000000d7680000)
  to   space 8704K, 0% used [0x00000000d6a80000,0x00000000d6a80000,0x00000000d7300000)
 ParOldGen       total 111104K, used 110877K [0x0000000080000000, 0x0000000086c80000, 0x00000000d5580000)
  object space 111104K, 99% used [0x0000000080000000,0x0000000086c47760,0x0000000086c80000)
 Metaspace       used 53414K, committed 54592K, reserved 1114112K
  class space    used 4816K, committed 5312K, reserved 1048576K
GC Heap History (20 events):
Event: 12.030 GC heap before
{Heap before GC invocations=30 (full 2):
 PSYoungGen      total 28160K, used 28139K [0x00000000d5580000, 0x00000000d7d00000, 0x0000000100000000)
  eden space 24064K, 100% used [0x00000000d5580000,0x00000000d6d00000,0x00000000d6d00000)
  from space 4096K, 99% used [0x00000000d6d80000,0x00000000d717ac10,0x00000000d7180000)
  to   space 8192K, 0% used [0x00000000d7500000,0x00000000d7500000,0x00000000d7d00000)
 ParOldGen       total 68608K, used 67923K [0x0000000080000000, 0x0000000084300000, 0x00000000d5580000)
  object space 68608K, 99% used [0x0000000080000000,0x0000000084254d38,0x0000000084300000)
 Metaspace       used 48143K, committed 49344K, reserved 1114112K
  class space    used 4343K, committed 4864K, reserved 1048576K
}
Event: 12.037 GC heap after
{Heap after GC invocations=30 (full 2):
 PSYoungGen      total 28160K, used 4593K [0x00000000d5580000, 0x00000000d7980000, 0x0000000100000000)
  eden space 23552K, 0% used [0x00000000d5580000,0x00000000d5580000,0x00000000d6c80000)
  from space 4608K, 99% used [0x00000000d7500000,0x00000000d797c6a0,0x00000000d7980000)
  to   space 5632K, 0% used [0x00000000d6e80000,0x00000000d6e80000,0x00000000d7400000)
 ParOldGen       total 72192K, used 71883K [0x0000000080000000, 0x0000000084680000, 0x00000000d5580000)
  object space 72192K, 99% used [0x0000000080000000,0x0000000084632d48,0x0000000084680000)
 Metaspace       used 48143K, committed 49344K, reserved 1114112K
  class space    used 4343K, committed 4864K, reserved 1048576K
}
Event: 12.195 GC heap before
{Heap before GC invocations=31 (full 2):
 PSYoungGen      total 28160K, used 28145K [0x00000000d5580000, 0x00000000d7980000, 0x0000000100000000)
  eden space 23552K, 100% used [0x00000000d5580000,0x00000000d6c80000,0x00000000d6c80000)
  from space 4608K, 99% used [0x00000000d7500000,0x00000000d797c6a0,0x00000000d7980000)
  to   space 5632K, 0% used [0x00000000d6e80000,0x00000000d6e80000,0x00000000d7400000)
 ParOldGen       total 72192K, used 71883K [0x0000000080000000, 0x0000000084680000, 0x00000000d5580000)
  object space 72192K, 99% used [0x0000000080000000,0x0000000084632d48,0x0000000084680000)
 Metaspace       used 48866K, committed 50112K, reserved 1114112K
  class space    used 4397K, committed 4928K, reserved 1048576K
}
Event: 12.201 GC heap after
{Heap after GC invocations=31 (full 2):
 PSYoungGen      total 30208K, used 4128K [0x00000000d5580000, 0x00000000d7680000, 0x0000000100000000)
  eden space 25600K, 0% used [0x00000000d5580000,0x00000000d5580000,0x00000000d6e80000)
  from space 4608K, 89% used [0x00000000d6e80000,0x00000000d72881f8,0x00000000d7300000)
  to   space 3584K, 0% used [0x00000000d7300000,0x00000000d7300000,0x00000000d7680000)
 ParOldGen       total 76288K, used 76254K [0x0000000080000000, 0x0000000084a80000, 0x00000000d5580000)
  object space 76288K, 99% used [0x0000000080000000,0x0000000084a77a20,0x0000000084a80000)
 Metaspace       used 48866K, committed 50112K, reserved 1114112K
  class space    used 4397K, committed 4928K, reserved 1048576K
}
Event: 12.416 GC heap before
{Heap before GC invocations=32 (full 2):
 PSYoungGen      total 30208K, used 29728K [0x00000000d5580000, 0x00000000d7680000, 0x0000000100000000)
  eden space 25600K, 100% used [0x00000000d5580000,0x00000000d6e80000,0x00000000d6e80000)
  from space 4608K, 89% used [0x00000000d6e80000,0x00000000d72881f8,0x00000000d7300000)
  to   space 3584K, 0% used [0x00000000d7300000,0x00000000d7300000,0x00000000d7680000)
 ParOldGen       total 76288K, used 76254K [0x0000000080000000, 0x0000000084a80000, 0x00000000d5580000)
  object space 76288K, 99% used [0x0000000080000000,0x0000000084a77a20,0x0000000084a80000)
 Metaspace       used 49647K, committed 50880K, reserved 1114112K
  class space    used 4477K, committed 4992K, reserved 1048576K
}
Event: 12.423 GC heap after
{Heap after GC invocations=32 (full 2):
 PSYoungGen      total 25088K, used 3576K [0x00000000d5580000, 0x00000000d7f00000, 0x0000000100000000)
  eden space 21504K, 0% used [0x00000000d5580000,0x00000000d5580000,0x00000000d6a80000)
  from space 3584K, 99% used [0x00000000d7300000,0x00000000d767e1b8,0x00000000d7680000)
  to   space 8704K, 0% used [0x00000000d6a80000,0x00000000d6a80000,0x00000000d7300000)
 ParOldGen       total 80896K, used 80467K [0x0000000080000000, 0x0000000084f00000, 0x00000000d5580000)
  object space 80896K, 99% used [0x0000000080000000,0x0000000084e94e88,0x0000000084f00000)
 Metaspace       used 49647K, committed 50880K, reserved 1114112K
  class space    used 4477K, committed 4992K, reserved 1048576K
}
Event: 12.524 GC heap before
{Heap before GC invocations=33 (full 2):
 PSYoungGen      total 25088K, used 25080K [0x00000000d5580000, 0x00000000d7f00000, 0x0000000100000000)
  eden space 21504K, 100% used [0x00000000d5580000,0x00000000d6a80000,0x00000000d6a80000)
  from space 3584K, 99% used [0x00000000d7300000,0x00000000d767e1b8,0x00000000d7680000)
  to   space 8704K, 0% used [0x00000000d6a80000,0x00000000d6a80000,0x00000000d7300000)
 ParOldGen       total 80896K, used 80467K [0x0000000080000000, 0x0000000084f00000, 0x00000000d5580000)
  object space 80896K, 99% used [0x0000000080000000,0x0000000084e94e88,0x0000000084f00000)
 Metaspace       used 49861K, committed 51072K, reserved 1114112K
  class space    used 4494K, committed 4992K, reserved 1048576K
}
Event: 12.531 GC heap after
{Heap after GC invocations=33 (full 2):
 PSYoungGen      total 26112K, used 4425K [0x00000000d5580000, 0x00000000d7680000, 0x0000000100000000)
  eden space 21504K, 0% used [0x00000000d5580000,0x00000000d5580000,0x00000000d6a80000)
  from space 4608K, 96% used [0x00000000d6a80000,0x00000000d6ed26b0,0x00000000d6f00000)
  to   space 6144K, 0% used [0x00000000d7080000,0x00000000d7080000,0x00000000d7680000)
 ParOldGen       total 83968K, used 83865K [0x0000000080000000, 0x0000000085200000, 0x00000000d5580000)
  object space 83968K, 99% used [0x0000000080000000,0x00000000851e64e0,0x0000000085200000)
 Metaspace       used 49861K, committed 51072K, reserved 1114112K
  class space    used 4494K, committed 4992K, reserved 1048576K
}
Event: 12.616 GC heap before
{Heap before GC invocations=34 (full 2):
 PSYoungGen      total 26112K, used 25904K [0x00000000d5580000, 0x00000000d7680000, 0x0000000100000000)
  eden space 21504K, 99% used [0x00000000d5580000,0x00000000d6a79d38,0x00000000d6a80000)
  from space 4608K, 96% used [0x00000000d6a80000,0x00000000d6ed26b0,0x00000000d6f00000)
  to   space 6144K, 0% used [0x00000000d7080000,0x00000000d7080000,0x00000000d7680000)
 ParOldGen       total 83968K, used 83865K [0x0000000080000000, 0x0000000085200000, 0x00000000d5580000)
  object space 83968K, 99% used [0x0000000080000000,0x00000000851e64e0,0x0000000085200000)
 Metaspace       used 50057K, committed 51200K, reserved 1114112K
  class space    used 4505K, committed 4992K, reserved 1048576K
}
Event: 12.622 GC heap after
{Heap after GC invocations=34 (full 2):
 PSYoungGen      total 28672K, used 4894K [0x00000000d5580000, 0x00000000d7680000, 0x0000000100000000)
  eden space 22528K, 0% used [0x00000000d5580000,0x00000000d5580000,0x00000000d6b80000)
  from space 6144K, 79% used [0x00000000d7080000,0x00000000d7547988,0x00000000d7680000)
  to   space 5120K, 0% used [0x00000000d6b80000,0x00000000d6b80000,0x00000000d7080000)
 ParOldGen       total 88064K, used 87941K [0x0000000080000000, 0x0000000085600000, 0x00000000d5580000)
  object space 88064K, 99% used [0x0000000080000000,0x00000000855e16c8,0x0000000085600000)
 Metaspace       used 50057K, committed 51200K, reserved 1114112K
  class space    used 4505K, committed 4992K, reserved 1048576K
}
Event: 12.721 GC heap before
{Heap before GC invocations=35 (full 2):
 PSYoungGen      total 28672K, used 27422K [0x00000000d5580000, 0x00000000d7680000, 0x0000000100000000)
  eden space 22528K, 100% used [0x00000000d5580000,0x00000000d6b80000,0x00000000d6b80000)
  from space 6144K, 79% used [0x00000000d7080000,0x00000000d7547988,0x00000000d7680000)
  to   space 5120K, 0% used [0x00000000d6b80000,0x00000000d6b80000,0x00000000d7080000)
 ParOldGen       total 88064K, used 87941K [0x0000000080000000, 0x0000000085600000, 0x00000000d5580000)
  object space 88064K, 99% used [0x0000000080000000,0x00000000855e16c8,0x0000000085600000)
 Metaspace       used 50568K, committed 51712K, reserved 1114112K
  class space    used 4563K, committed 5056K, reserved 1048576K
}
Event: 12.729 GC heap after
{Heap after GC invocations=35 (full 2):
 PSYoungGen      total 27648K, used 4942K [0x00000000d5580000, 0x00000000d7680000, 0x0000000100000000)
  eden space 22528K, 0% used [0x00000000d5580000,0x00000000d5580000,0x00000000d6b80000)
  from space 5120K, 96% used [0x00000000d6b80000,0x00000000d7053800,0x00000000d7080000)
  to   space 5120K, 0% used [0x00000000d7180000,0x00000000d7180000,0x00000000d7680000)
 ParOldGen       total 92672K, used 92417K [0x0000000080000000, 0x0000000085a80000, 0x00000000d5580000)
  object space 92672K, 99% used [0x0000000080000000,0x0000000085a404a0,0x0000000085a80000)
 Metaspace       used 50568K, committed 51712K, reserved 1114112K
  class space    used 4563K, committed 5056K, reserved 1048576K
}
Event: 12.837 GC heap before
{Heap before GC invocations=36 (full 2):
 PSYoungGen      total 27648K, used 27470K [0x00000000d5580000, 0x00000000d7680000, 0x0000000100000000)
  eden space 22528K, 100% used [0x00000000d5580000,0x00000000d6b80000,0x00000000d6b80000)
  from space 5120K, 96% used [0x00000000d6b80000,0x00000000d7053800,0x00000000d7080000)
  to   space 5120K, 0% used [0x00000000d7180000,0x00000000d7180000,0x00000000d7680000)
 ParOldGen       total 92672K, used 92417K [0x0000000080000000, 0x0000000085a80000, 0x00000000d5580000)
  object space 92672K, 99% used [0x0000000080000000,0x0000000085a404a0,0x0000000085a80000)
 Metaspace       used 50906K, committed 52160K, reserved 1114112K
  class space    used 4591K, committed 5120K, reserved 1048576K
}
Event: 12.845 GC heap after
{Heap after GC invocations=36 (full 2):
 PSYoungGen      total 28672K, used 4907K [0x00000000d5580000, 0x00000000d7680000, 0x0000000100000000)
  eden space 23552K, 0% used [0x00000000d5580000,0x00000000d5580000,0x00000000d6c80000)
  from space 5120K, 95% used [0x00000000d7180000,0x00000000d764ae20,0x00000000d7680000)
  to   space 5120K, 0% used [0x00000000d6c80000,0x00000000d6c80000,0x00000000d7180000)
 ParOldGen       total 97280K, used 97090K [0x0000000080000000, 0x0000000085f00000, 0x00000000d5580000)
  object space 97280K, 99% used [0x0000000080000000,0x0000000085ed0af0,0x0000000085f00000)
 Metaspace       used 50906K, committed 52160K, reserved 1114112K
  class space    used 4591K, committed 5120K, reserved 1048576K
}
Event: 12.911 GC heap before
{Heap before GC invocations=37 (full 2):
 PSYoungGen      total 28672K, used 28459K [0x00000000d5580000, 0x00000000d7680000, 0x0000000100000000)
  eden space 23552K, 100% used [0x00000000d5580000,0x00000000d6c80000,0x00000000d6c80000)
  from space 5120K, 95% used [0x00000000d7180000,0x00000000d764ae20,0x00000000d7680000)
  to   space 5120K, 0% used [0x00000000d6c80000,0x00000000d6c80000,0x00000000d7180000)
 ParOldGen       total 97280K, used 97090K [0x0000000080000000, 0x0000000085f00000, 0x00000000d5580000)
  object space 97280K, 99% used [0x0000000080000000,0x0000000085ed0af0,0x0000000085f00000)
 Metaspace       used 50979K, committed 52160K, reserved 1114112K
  class space    used 4596K, committed 5120K, reserved 1048576K
}
Event: 12.916 GC heap after
{Heap after GC invocations=37 (full 2):
 PSYoungGen      total 28672K, used 3993K [0x00000000d5580000, 0x00000000d7680000, 0x0000000100000000)
  eden space 23552K, 0% used [0x00000000d5580000,0x00000000d5580000,0x00000000d6c80000)
  from space 5120K, 78% used [0x00000000d6c80000,0x00000000d70667a0,0x00000000d7180000)
  to   space 4608K, 0% used [0x00000000d7200000,0x00000000d7200000,0x00000000d7680000)
 ParOldGen       total 101888K, used 101756K [0x0000000080000000, 0x0000000086380000, 0x00000000d5580000)
  object space 101888K, 99% used [0x0000000080000000,0x000000008635f368,0x0000000086380000)
 Metaspace       used 50979K, committed 52160K, reserved 1114112K
  class space    used 4596K, committed 5120K, reserved 1048576K
}
Event: 12.966 GC heap before
{Heap before GC invocations=38 (full 2):
 PSYoungGen      total 28672K, used 27545K [0x00000000d5580000, 0x00000000d7680000, 0x0000000100000000)
  eden space 23552K, 100% used [0x00000000d5580000,0x00000000d6c80000,0x00000000d6c80000)
  from space 5120K, 78% used [0x00000000d6c80000,0x00000000d70667a0,0x00000000d7180000)
  to   space 4608K, 0% used [0x00000000d7200000,0x00000000d7200000,0x00000000d7680000)
 ParOldGen       total 101888K, used 101756K [0x0000000080000000, 0x0000000086380000, 0x00000000d5580000)
  object space 101888K, 99% used [0x0000000080000000,0x000000008635f368,0x0000000086380000)
 Metaspace       used 51081K, committed 52288K, reserved 1114112K
  class space    used 4611K, committed 5120K, reserved 1048576K
}
Event: 12.970 GC heap after
{Heap after GC invocations=38 (full 2):
 PSYoungGen      total 30208K, used 2704K [0x00000000d5580000, 0x00000000d7680000, 0x0000000100000000)
  eden space 25600K, 0% used [0x00000000d5580000,0x00000000d5580000,0x00000000d6e80000)
  from space 4608K, 58% used [0x00000000d7200000,0x00000000d74a41e8,0x00000000d7680000)
  to   space 3584K, 0% used [0x00000000d6e80000,0x00000000d6e80000,0x00000000d7200000)
 ParOldGen       total 104960K, used 104715K [0x0000000080000000, 0x0000000086680000, 0x00000000d5580000)
  object space 104960K, 99% used [0x0000000080000000,0x0000000086642c68,0x0000000086680000)
 Metaspace       used 51081K, committed 52288K, reserved 1114112K
  class space    used 4611K, committed 5120K, reserved 1048576K
}
Event: 13.167 GC heap before
{Heap before GC invocations=39 (full 2):
 PSYoungGen      total 30208K, used 28304K [0x00000000d5580000, 0x00000000d7680000, 0x0000000100000000)
  eden space 25600K, 100% used [0x00000000d5580000,0x00000000d6e80000,0x00000000d6e80000)
  from space 4608K, 58% used [0x00000000d7200000,0x00000000d74a41e8,0x00000000d7680000)
  to   space 3584K, 0% used [0x00000000d6e80000,0x00000000d6e80000,0x00000000d7200000)
 ParOldGen       total 104960K, used 104715K [0x0000000080000000, 0x0000000086680000, 0x00000000d5580000)
  object space 104960K, 99% used [0x0000000080000000,0x0000000086642c68,0x0000000086680000)
 Metaspace       used 51870K, committed 53056K, reserved 1114112K
  class space    used 4681K, committed 5184K, reserved 1048576K
}
Event: 13.171 GC heap after
{Heap after GC invocations=39 (full 2):
 PSYoungGen      total 29184K, used 3234K [0x00000000d5580000, 0x00000000d7680000, 0x0000000100000000)
  eden space 25600K, 0% used [0x00000000d5580000,0x00000000d5580000,0x00000000d6e80000)
  from space 3584K, 90% used [0x00000000d6e80000,0x00000000d71a8878,0x00000000d7200000)
  to   space 3584K, 0% used [0x00000000d7300000,0x00000000d7300000,0x00000000d7680000)
 ParOldGen       total 107008K, used 106796K [0x0000000080000000, 0x0000000086880000, 0x00000000d5580000)
  object space 107008K, 99% used [0x0000000080000000,0x000000008684b200,0x0000000086880000)
 Metaspace       used 51870K, committed 53056K, reserved 1114112K
  class space    used 4681K, committed 5184K, reserved 1048576K
}

