# JRE version: Java(TM) SE Runtime Environment (24.0+36) (build 24+36-3646)
# Java VM: Java HotSpot(TM) 64-Bit Server VM (24+36-3646, mixed mode, sharing, tiered, compressed oops, compressed class ptrs, parallel gc, windows-amd64)
GC Precious Log:
 CardTable entry size: 512
 CPUs: 8 total, 8 available
 Memory: 7876M
 Large Page Support: Disabled
 NUMA Support: Disabled
 Compressed Oops: Enabled (32-bit)
 Alignments: Space 512K, Generation 512K, Heap 2M
 Heap Min Capacity: 100M
 Heap Initial Capacity: 100M
 Heap Max Capacity: 2G
 Pre-touch: Disabled
 Parallel Workers: 8
Heap:
 PSYoungGen      total 41472K, used 6121K [0x00000000d5580000, 0x00000000d8880000, 0x0000000100000000)
  eden space 35328K, 0% used [0x00000000d5580000,0x00000000d5580000,0x00000000d7800000)
  from space 6144K, 99% used [0x00000000d8280000,0x00000000d887a4b8,0x00000000d8880000)
  to   space 6144K, 0% used [0x00000000d7b80000,0x00000000d7b80000,0x00000000d8180000)
 ParOldGen       total 265728K, used 265394K [0x0000000080000000, 0x0000000090380000, 0x00000000d5580000)
  object space 265728K, 99% used [0x0000000080000000,0x000000009032ca60,0x0000000090380000)
 Metaspace       used 64422K, committed 65792K, reserved 1114112K
  class space    used 5822K, committed 6464K, reserved 1048576K
GC Heap History (20 events):
Event: 20.726 GC heap before
{Heap before GC invocations=93 (full 3):
 PSYoungGen      total 37888K, used 36640K [0x00000000d5580000, 0x00000000d8180000, 0x0000000100000000)
  eden space 35328K, 100% used [0x00000000d5580000,0x00000000d7800000,0x00000000d7800000)
  from space 2560K, 51% used [0x00000000d7800000,0x00000000d79482b0,0x00000000d7a80000)
  to   space 1536K, 0% used [0x00000000d8000000,0x00000000d8000000,0x00000000d8180000)
 ParOldGen       total 241152K, used 241078K [0x0000000080000000, 0x000000008eb80000, 0x00000000d5580000)
  object space 241152K, 99% used [0x0000000080000000,0x000000008eb6d9f8,0x000000008eb80000)
 Metaspace       used 63799K, committed 65152K, reserved 1114112K
  class space    used 5795K, committed 6400K, reserved 1048576K
}
Event: 20.731 GC heap after
{Heap after GC invocations=93 (full 3):
 PSYoungGen      total 35840K, used 1524K [0x00000000d5580000, 0x00000000d8180000, 0x0000000100000000)
  eden space 34304K, 0% used [0x00000000d5580000,0x00000000d5580000,0x00000000d7700000)
  from space 1536K, 99% used [0x00000000d8000000,0x00000000d817d068,0x00000000d8180000)
  to   space 3072K, 0% used [0x00000000d7b80000,0x00000000d7b80000,0x00000000d7e80000)
 ParOldGen       total 242688K, used 242257K [0x0000000080000000, 0x000000008ed00000, 0x00000000d5580000)
  object space 242688K, 99% used [0x0000000080000000,0x000000008ec944c0,0x000000008ed00000)
 Metaspace       used 63799K, committed 65152K, reserved 1114112K
  class space    used 5795K, committed 6400K, reserved 1048576K
}
Event: 20.750 GC heap before
{Heap before GC invocations=94 (full 3):
 PSYoungGen      total 35840K, used 35828K [0x00000000d5580000, 0x00000000d8180000, 0x0000000100000000)
  eden space 34304K, 100% used [0x00000000d5580000,0x00000000d7700000,0x00000000d7700000)
  from space 1536K, 99% used [0x00000000d8000000,0x00000000d817d068,0x00000000d8180000)
  to   space 3072K, 0% used [0x00000000d7b80000,0x00000000d7b80000,0x00000000d7e80000)
 ParOldGen       total 242688K, used 242257K [0x0000000080000000, 0x000000008ed00000, 0x00000000d5580000)
  object space 242688K, 99% used [0x0000000080000000,0x000000008ec944c0,0x000000008ed00000)
 Metaspace       used 63799K, committed 65152K, reserved 1114112K
  class space    used 5795K, committed 6400K, reserved 1048576K
}
Event: 21.753 GC heap after
{Heap after GC invocations=94 (full 3):
 PSYoungGen      total 41984K, used 1248K [0x00000000d5580000, 0x00000000d8200000, 0x0000000100000000)
  eden space 38912K, 0% used [0x00000000d5580000,0x00000000d5580000,0x00000000d7b80000)
  from space 3072K, 40% used [0x00000000d7b80000,0x00000000d7cb8000,0x00000000d7e80000)
  to   space 2048K, 0% used [0x00000000d8000000,0x00000000d8000000,0x00000000d8200000)
 ParOldGen       total 244224K, used 243803K [0x0000000080000000, 0x000000008ee80000, 0x00000000d5580000)
  object space 244224K, 99% used [0x0000000080000000,0x000000008ee16ee8,0x000000008ee80000)
 Metaspace       used 63799K, committed 65152K, reserved 1114112K
  class space    used 5795K, committed 6400K, reserved 1048576K
}
Event: 21.908 GC heap before
{Heap before GC invocations=95 (full 3):
 PSYoungGen      total 41984K, used 40160K [0x00000000d5580000, 0x00000000d8200000, 0x0000000100000000)
  eden space 38912K, 100% used [0x00000000d5580000,0x00000000d7b80000,0x00000000d7b80000)
  from space 3072K, 40% used [0x00000000d7b80000,0x00000000d7cb8000,0x00000000d7e80000)
  to   space 2048K, 0% used [0x00000000d8000000,0x00000000d8000000,0x00000000d8200000)
 ParOldGen       total 244224K, used 243803K [0x0000000080000000, 0x000000008ee80000, 0x00000000d5580000)
  object space 244224K, 99% used [0x0000000080000000,0x000000008ee16ee8,0x000000008ee80000)
 Metaspace       used 63802K, committed 65152K, reserved 1114112K
  class space    used 5795K, committed 6400K, reserved 1048576K
}
Event: 21.912 GC heap after
{Heap after GC invocations=95 (full 3):
 PSYoungGen      total 43520K, used 1552K [0x00000000d5580000, 0x00000000d8780000, 0x0000000100000000)
  eden space 41472K, 0% used [0x00000000d5580000,0x00000000d5580000,0x00000000d7e00000)
  from space 2048K, 75% used [0x00000000d8000000,0x00000000d8184010,0x00000000d8200000)
  to   space 2048K, 0% used [0x00000000d7e00000,0x00000000d7e00000,0x00000000d8000000)
 ParOldGen       total 245248K, used 244929K [0x0000000080000000, 0x000000008ef80000, 0x00000000d5580000)
  object space 245248K, 99% used [0x0000000080000000,0x000000008ef30638,0x000000008ef80000)
 Metaspace       used 63802K, committed 65152K, reserved 1114112K
  class space    used 5795K, committed 6400K, reserved 1048576K
}
Event: 22.065 GC heap before
{Heap before GC invocations=96 (full 3):
 PSYoungGen      total 43520K, used 43024K [0x00000000d5580000, 0x00000000d8780000, 0x0000000100000000)
  eden space 41472K, 100% used [0x00000000d5580000,0x00000000d7e00000,0x00000000d7e00000)
  from space 2048K, 75% used [0x00000000d8000000,0x00000000d8184010,0x00000000d8200000)
  to   space 2048K, 0% used [0x00000000d7e00000,0x00000000d7e00000,0x00000000d8000000)
 ParOldGen       total 245248K, used 244929K [0x0000000080000000, 0x000000008ef80000, 0x00000000d5580000)
  object space 245248K, 99% used [0x0000000080000000,0x000000008ef30638,0x000000008ef80000)
 Metaspace       used 63803K, committed 65152K, reserved 1114112K
  class space    used 5795K, committed 6400K, reserved 1048576K
}
Event: 22.072 GC heap after
{Heap after GC invocations=96 (full 3):
 PSYoungGen      total 43520K, used 2025K [0x00000000d5580000, 0x00000000d8e80000, 0x0000000100000000)
  eden space 41472K, 0% used [0x00000000d5580000,0x00000000d5580000,0x00000000d7e00000)
  from space 2048K, 98% used [0x00000000d7e00000,0x00000000d7ffa7f0,0x00000000d8000000)
  to   space 4096K, 0% used [0x00000000d8a80000,0x00000000d8a80000,0x00000000d8e80000)
 ParOldGen       total 246784K, used 246438K [0x0000000080000000, 0x000000008f100000, 0x00000000d5580000)
  object space 246784K, 99% used [0x0000000080000000,0x000000008f0a9938,0x000000008f100000)
 Metaspace       used 63803K, committed 65152K, reserved 1114112K
  class space    used 5795K, committed 6400K, reserved 1048576K
}
Event: 22.250 GC heap before
{Heap before GC invocations=97 (full 3):
 PSYoungGen      total 43520K, used 43497K [0x00000000d5580000, 0x00000000d8e80000, 0x0000000100000000)
  eden space 41472K, 100% used [0x00000000d5580000,0x00000000d7e00000,0x00000000d7e00000)
  from space 2048K, 98% used [0x00000000d7e00000,0x00000000d7ffa7f0,0x00000000d8000000)
  to   space 4096K, 0% used [0x00000000d8a80000,0x00000000d8a80000,0x00000000d8e80000)
 ParOldGen       total 246784K, used 246438K [0x0000000080000000, 0x000000008f100000, 0x00000000d5580000)
  object space 246784K, 99% used [0x0000000080000000,0x000000008f0a9938,0x000000008f100000)
 Metaspace       used 63804K, committed 65152K, reserved 1114112K
  class space    used 5795K, committed 6400K, reserved 1048576K
}
Event: 22.254 GC heap after
{Heap after GC invocations=97 (full 3):
 PSYoungGen      total 41984K, used 1177K [0x00000000d5580000, 0x00000000d8c00000, 0x0000000100000000)
  eden space 40448K, 0% used [0x00000000d5580000,0x00000000d5580000,0x00000000d7d00000)
  from space 1536K, 76% used [0x00000000d8a80000,0x00000000d8ba6440,0x00000000d8c00000)
  to   space 2048K, 0% used [0x00000000d8800000,0x00000000d8800000,0x00000000d8a00000)
 ParOldGen       total 248320K, used 248250K [0x0000000080000000, 0x000000008f280000, 0x00000000d5580000)
  object space 248320K, 99% used [0x0000000080000000,0x000000008f26ea88,0x000000008f280000)
 Metaspace       used 63804K, committed 65152K, reserved 1114112K
  class space    used 5795K, committed 6400K, reserved 1048576K
}
Event: 22.298 GC heap before
{Heap before GC invocations=98 (full 3):
 PSYoungGen      total 41984K, used 41625K [0x00000000d5580000, 0x00000000d8c00000, 0x0000000100000000)
  eden space 40448K, 100% used [0x00000000d5580000,0x00000000d7d00000,0x00000000d7d00000)
  from space 1536K, 76% used [0x00000000d8a80000,0x00000000d8ba6440,0x00000000d8c00000)
  to   space 2048K, 0% used [0x00000000d8800000,0x00000000d8800000,0x00000000d8a00000)
 ParOldGen       total 248320K, used 248250K [0x0000000080000000, 0x000000008f280000, 0x00000000d5580000)
  object space 248320K, 99% used [0x0000000080000000,0x000000008f26ea88,0x000000008f280000)
 Metaspace       used 63834K, committed 65216K, reserved 1114112K
  class space    used 5795K, committed 6400K, reserved 1048576K
}
Event: 22.304 GC heap after
{Heap after GC invocations=98 (full 3):
 PSYoungGen      total 41472K, used 2027K [0x00000000d5580000, 0x00000000d8b00000, 0x0000000100000000)
  eden space 39424K, 0% used [0x00000000d5580000,0x00000000d5580000,0x00000000d7c00000)
  from space 2048K, 98% used [0x00000000d8800000,0x00000000d89fad68,0x00000000d8a00000)
  to   space 1024K, 0% used [0x00000000d8a00000,0x00000000d8a00000,0x00000000d8b00000)
 ParOldGen       total 249344K, used 249279K [0x0000000080000000, 0x000000008f380000, 0x00000000d5580000)
  object space 249344K, 99% used [0x0000000080000000,0x000000008f36fc78,0x000000008f380000)
 Metaspace       used 63834K, committed 65216K, reserved 1114112K
  class space    used 5795K, committed 6400K, reserved 1048576K
}
Event: 22.358 GC heap before
{Heap before GC invocations=99 (full 3):
 PSYoungGen      total 41472K, used 41451K [0x00000000d5580000, 0x00000000d8b00000, 0x0000000100000000)
  eden space 39424K, 100% used [0x00000000d5580000,0x00000000d7c00000,0x00000000d7c00000)
  from space 2048K, 98% used [0x00000000d8800000,0x00000000d89fad68,0x00000000d8a00000)
  to   space 1024K, 0% used [0x00000000d8a00000,0x00000000d8a00000,0x00000000d8b00000)
 ParOldGen       total 249344K, used 249279K [0x0000000080000000, 0x000000008f380000, 0x00000000d5580000)
  object space 249344K, 99% used [0x0000000080000000,0x000000008f36fc78,0x000000008f380000)
 Metaspace       used 63848K, committed 65216K, reserved 1114112K
  class space    used 5795K, committed 6400K, reserved 1048576K
}
Event: 22.364 GC heap after
{Heap after GC invocations=99 (full 3):
 PSYoungGen      total 39424K, used 1018K [0x00000000d5580000, 0x00000000d8b00000, 0x0000000100000000)
  eden space 38400K, 0% used [0x00000000d5580000,0x00000000d5580000,0x00000000d7b00000)
  from space 1024K, 99% used [0x00000000d8a00000,0x00000000d8afe9e0,0x00000000d8b00000)
  to   space 4096K, 0% used [0x00000000d8300000,0x00000000d8300000,0x00000000d8700000)
 ParOldGen       total 251904K, used 251787K [0x0000000080000000, 0x000000008f600000, 0x00000000d5580000)
  object space 251904K, 99% used [0x0000000080000000,0x000000008f5e2e90,0x000000008f600000)
 Metaspace       used 63848K, committed 65216K, reserved 1114112K
  class space    used 5795K, committed 6400K, reserved 1048576K
}
Event: 22.514 GC heap before
{Heap before GC invocations=100 (full 3):
 PSYoungGen      total 39424K, used 39418K [0x00000000d5580000, 0x00000000d8b00000, 0x0000000100000000)
  eden space 38400K, 100% used [0x00000000d5580000,0x00000000d7b00000,0x00000000d7b00000)
  from space 1024K, 99% used [0x00000000d8a00000,0x00000000d8afe9e0,0x00000000d8b00000)
  to   space 4096K, 0% used [0x00000000d8300000,0x00000000d8300000,0x00000000d8700000)
 ParOldGen       total 251904K, used 251787K [0x0000000080000000, 0x000000008f600000, 0x00000000d5580000)
  object space 251904K, 99% used [0x0000000080000000,0x000000008f5e2e90,0x000000008f600000)
 Metaspace       used 63867K, committed 65216K, reserved 1114112K
  class space    used 5795K, committed 6400K, reserved 1048576K
}
Event: 22.522 GC heap after
{Heap after GC invocations=100 (full 3):
 PSYoungGen      total 41472K, used 1395K [0x00000000d5580000, 0x00000000d8a80000, 0x0000000100000000)
  eden space 37376K, 0% used [0x00000000d5580000,0x00000000d5580000,0x00000000d7a00000)
  from space 4096K, 34% used [0x00000000d8300000,0x00000000d845cdf0,0x00000000d8700000)
  to   space 2560K, 0% used [0x00000000d8800000,0x00000000d8800000,0x00000000d8a80000)
 ParOldGen       total 252928K, used 252783K [0x0000000080000000, 0x000000008f700000, 0x00000000d5580000)
  object space 252928K, 99% used [0x0000000080000000,0x000000008f6dbe08,0x000000008f700000)
 Metaspace       used 63867K, committed 65216K, reserved 1114112K
  class space    used 5795K, committed 6400K, reserved 1048576K
}
Event: 23.546 GC heap before
{Heap before GC invocations=101 (full 3):
 PSYoungGen      total 41472K, used 38771K [0x00000000d5580000, 0x00000000d8a80000, 0x0000000100000000)
  eden space 37376K, 100% used [0x00000000d5580000,0x00000000d7a00000,0x00000000d7a00000)
  from space 4096K, 34% used [0x00000000d8300000,0x00000000d845cdf0,0x00000000d8700000)
  to   space 2560K, 0% used [0x00000000d8800000,0x00000000d8800000,0x00000000d8a80000)
 ParOldGen       total 252928K, used 252783K [0x0000000080000000, 0x000000008f700000, 0x00000000d5580000)
  object space 252928K, 99% used [0x0000000080000000,0x000000008f6dbe08,0x000000008f700000)
 Metaspace       used 64079K, committed 65472K, reserved 1114112K
  class space    used 5806K, committed 6464K, reserved 1048576K
}
Event: 23.571 GC heap after
{Heap after GC invocations=101 (full 3):
 PSYoungGen      total 38912K, used 2553K [0x00000000d5580000, 0x00000000d8a80000, 0x0000000100000000)
  eden space 36352K, 0% used [0x00000000d5580000,0x00000000d5580000,0x00000000d7900000)
  from space 2560K, 99% used [0x00000000d8800000,0x00000000d8a7e598,0x00000000d8a80000)
  to   space 7680K, 0% used [0x00000000d7b80000,0x00000000d7b80000,0x00000000d8300000)
 ParOldGen       total 257024K, used 256633K [0x0000000080000000, 0x000000008fb00000, 0x00000000d5580000)
  object space 257024K, 99% used [0x0000000080000000,0x000000008fa9e4e8,0x000000008fb00000)
 Metaspace       used 64079K, committed 65472K, reserved 1114112K
  class space    used 5806K, committed 6464K, reserved 1048576K
}
Event: 24.438 GC heap before
{Heap before GC invocations=102 (full 3):
 PSYoungGen      total 38912K, used 38784K [0x00000000d5580000, 0x00000000d8a80000, 0x0000000100000000)
  eden space 36352K, 99% used [0x00000000d5580000,0x00000000d78e1d00,0x00000000d7900000)
  from space 2560K, 99% used [0x00000000d8800000,0x00000000d8a7e598,0x00000000d8a80000)
  to   space 7680K, 0% used [0x00000000d7b80000,0x00000000d7b80000,0x00000000d8300000)
 ParOldGen       total 257024K, used 256633K [0x0000000080000000, 0x000000008fb00000, 0x00000000d5580000)
  object space 257024K, 99% used [0x0000000080000000,0x000000008fa9e4e8,0x000000008fb00000)
 Metaspace       used 64375K, committed 65792K, reserved 1114112K
  class space    used 5820K, committed 6464K, reserved 1048576K
}
Event: 24.451 GC heap after
{Heap after GC invocations=102 (full 3):
 PSYoungGen      total 41472K, used 5731K [0x00000000d5580000, 0x00000000d8880000, 0x0000000100000000)
  eden space 35328K, 0% used [0x00000000d5580000,0x00000000d5580000,0x00000000d7800000)
  from space 6144K, 93% used [0x00000000d7b80000,0x00000000d8118d58,0x00000000d8180000)
  to   space 6144K, 0% used [0x00000000d8280000,0x00000000d8280000,0x00000000d8880000)
 ParOldGen       total 259584K, used 259216K [0x0000000080000000, 0x000000008fd80000, 0x00000000d5580000)
  object space 259584K, 99% used [0x0000000080000000,0x000000008fd243a0,0x000000008fd80000)
 Metaspace       used 64375K, committed 65792K, reserved 1114112K
  class space    used 5820K, committed 6464K, reserved 1048576K
}

