# JRE version: Java(TM) SE Runtime Environment (24.0+36) (build 24+36-3646)
# Java VM: Java HotSpot(TM) 64-Bit Server VM (24+36-3646, mixed mode, sharing, tiered, compressed oops, compressed class ptrs, parallel gc, windows-amd64)
GC Precious Log:
 CardTable entry size: 512
 CPUs: 8 total, 8 available
 Memory: 7876M
 Large Page Support: Disabled
 NUMA Support: Disabled
 Compressed Oops: Enabled (32-bit)
 Alignments: Space 512K, Generation 512K, Heap 2M
 Heap Min Capacity: 100M
 Heap Initial Capacity: 100M
 Heap Max Capacity: 2G
 Pre-touch: Disabled
 Parallel Workers: 8
Heap:
 PSYoungGen      total 30208K, used 30176K [0x00000000d5580000, 0x00000000d7b80000, 0x0000000100000000)
  eden space 28672K, 100% used [0x00000000d5580000,0x00000000d7180000,0x00000000d7180000)
  from space 1536K, 97% used [0x00000000d7580000,0x00000000d76f8010,0x00000000d7700000)
  to   space 4096K, 99% used [0x00000000d7180000,0x00000000d757efe8,0x00000000d7580000)
 ParOldGen       total 370176K, used 370172K [0x0000000080000000, 0x0000000096980000, 0x00000000d5580000)
  object space 370176K, 99% used [0x0000000080000000,0x000000009697f3b8,0x0000000096980000)
 Metaspace       used 64283K, committed 65664K, reserved 1114112K
  class space    used 5821K, committed 6400K, reserved 1048576K
GC Heap History (20 events):
Event: 22.180 GC heap after
{Heap after GC invocations=122 (full 3):
 PSYoungGen      total 31232K, used 1552K [0x00000000d5580000, 0x00000000d7680000, 0x0000000100000000)
  eden space 29184K, 0% used [0x00000000d5580000,0x00000000d5580000,0x00000000d7200000)
  from space 2048K, 75% used [0x00000000d7200000,0x00000000d7384010,0x00000000d7400000)
  to   space 2560K, 0% used [0x00000000d7400000,0x00000000d7400000,0x00000000d7680000)
 ParOldGen       total 358912K, used 358594K [0x0000000080000000, 0x0000000095e80000, 0x00000000d5580000)
  object space 358912K, 99% used [0x0000000080000000,0x0000000095e30ba8,0x0000000095e80000)
 Metaspace       used 63709K, committed 65152K, reserved 1114112K
  class space    used 5791K, committed 6400K, reserved 1048576K
}
Event: 22.193 GC heap before
{Heap before GC invocations=123 (full 3):
 PSYoungGen      total 31232K, used 30736K [0x00000000d5580000, 0x00000000d7680000, 0x0000000100000000)
  eden space 29184K, 100% used [0x00000000d5580000,0x00000000d7200000,0x00000000d7200000)
  from space 2048K, 75% used [0x00000000d7200000,0x00000000d7384010,0x00000000d7400000)
  to   space 2560K, 0% used [0x00000000d7400000,0x00000000d7400000,0x00000000d7680000)
 ParOldGen       total 358912K, used 358594K [0x0000000080000000, 0x0000000095e80000, 0x00000000d5580000)
  object space 358912K, 99% used [0x0000000080000000,0x0000000095e30ba8,0x0000000095e80000)
 Metaspace       used 63709K, committed 65152K, reserved 1114112K
  class space    used 5791K, committed 6400K, reserved 1048576K
}
Event: 22.197 GC heap after
{Heap after GC invocations=123 (full 3):
 PSYoungGen      total 31744K, used 1876K [0x00000000d5580000, 0x00000000d7680000, 0x0000000100000000)
  eden space 29184K, 0% used [0x00000000d5580000,0x00000000d5580000,0x00000000d7200000)
  from space 2560K, 73% used [0x00000000d7400000,0x00000000d75d5000,0x00000000d7680000)
  to   space 2048K, 0% used [0x00000000d7200000,0x00000000d7200000,0x00000000d7400000)
 ParOldGen       total 360448K, used 360055K [0x0000000080000000, 0x0000000096000000, 0x00000000d5580000)
  object space 360448K, 99% used [0x0000000080000000,0x0000000095f9df20,0x0000000096000000)
 Metaspace       used 63709K, committed 65152K, reserved 1114112K
  class space    used 5791K, committed 6400K, reserved 1048576K
}
Event: 22.215 GC heap before
{Heap before GC invocations=124 (full 3):
 PSYoungGen      total 31744K, used 31060K [0x00000000d5580000, 0x00000000d7680000, 0x0000000100000000)
  eden space 29184K, 100% used [0x00000000d5580000,0x00000000d7200000,0x00000000d7200000)
  from space 2560K, 73% used [0x00000000d7400000,0x00000000d75d5000,0x00000000d7680000)
  to   space 2048K, 0% used [0x00000000d7200000,0x00000000d7200000,0x00000000d7400000)
 ParOldGen       total 360448K, used 360055K [0x0000000080000000, 0x0000000096000000, 0x00000000d5580000)
  object space 360448K, 99% used [0x0000000080000000,0x0000000095f9df20,0x0000000096000000)
 Metaspace       used 63709K, committed 65152K, reserved 1114112K
  class space    used 5791K, committed 6400K, reserved 1048576K
}
Event: 22.219 GC heap after
{Heap after GC invocations=124 (full 3):
 PSYoungGen      total 31232K, used 1296K [0x00000000d5580000, 0x00000000d7680000, 0x0000000100000000)
  eden space 29184K, 0% used [0x00000000d5580000,0x00000000d5580000,0x00000000d7200000)
  from space 2048K, 63% used [0x00000000d7200000,0x00000000d7344000,0x00000000d7400000)
  to   space 1536K, 0% used [0x00000000d7500000,0x00000000d7500000,0x00000000d7680000)
 ParOldGen       total 361984K, used 361877K [0x0000000080000000, 0x0000000096180000, 0x00000000d5580000)
  object space 361984K, 99% used [0x0000000080000000,0x0000000096165598,0x0000000096180000)
 Metaspace       used 63709K, committed 65152K, reserved 1114112K
  class space    used 5791K, committed 6400K, reserved 1048576K
}
Event: 22.237 GC heap before
{Heap before GC invocations=125 (full 3):
 PSYoungGen      total 31232K, used 30480K [0x00000000d5580000, 0x00000000d7680000, 0x0000000100000000)
  eden space 29184K, 100% used [0x00000000d5580000,0x00000000d7200000,0x00000000d7200000)
  from space 2048K, 63% used [0x00000000d7200000,0x00000000d7344000,0x00000000d7400000)
  to   space 1536K, 0% used [0x00000000d7500000,0x00000000d7500000,0x00000000d7680000)
 ParOldGen       total 361984K, used 361877K [0x0000000080000000, 0x0000000096180000, 0x00000000d5580000)
  object space 361984K, 99% used [0x0000000080000000,0x0000000096165598,0x0000000096180000)
 Metaspace       used 63710K, committed 65152K, reserved 1114112K
  class space    used 5791K, committed 6400K, reserved 1048576K
}
Event: 22.240 GC heap after
{Heap after GC invocations=125 (full 3):
 PSYoungGen      total 32768K, used 736K [0x00000000d5580000, 0x00000000d7680000, 0x0000000100000000)
  eden space 31232K, 0% used [0x00000000d5580000,0x00000000d5580000,0x00000000d7400000)
  from space 1536K, 47% used [0x00000000d7500000,0x00000000d75b8000,0x00000000d7680000)
  to   space 1024K, 0% used [0x00000000d7400000,0x00000000d7400000,0x00000000d7500000)
 ParOldGen       total 363520K, used 363069K [0x0000000080000000, 0x0000000096300000, 0x00000000d5580000)
  object space 363520K, 99% used [0x0000000080000000,0x000000009628f598,0x0000000096300000)
 Metaspace       used 63710K, committed 65152K, reserved 1114112K
  class space    used 5791K, committed 6400K, reserved 1048576K
}
Event: 22.258 GC heap before
{Heap before GC invocations=126 (full 3):
 PSYoungGen      total 32768K, used 31968K [0x00000000d5580000, 0x00000000d7680000, 0x0000000100000000)
  eden space 31232K, 100% used [0x00000000d5580000,0x00000000d7400000,0x00000000d7400000)
  from space 1536K, 47% used [0x00000000d7500000,0x00000000d75b8000,0x00000000d7680000)
  to   space 1024K, 0% used [0x00000000d7400000,0x00000000d7400000,0x00000000d7500000)
 ParOldGen       total 363520K, used 363069K [0x0000000080000000, 0x0000000096300000, 0x00000000d5580000)
  object space 363520K, 99% used [0x0000000080000000,0x000000009628f598,0x0000000096300000)
 Metaspace       used 63710K, committed 65152K, reserved 1114112K
  class space    used 5791K, committed 6400K, reserved 1048576K
}
Event: 22.262 GC heap after
{Heap after GC invocations=126 (full 3):
 PSYoungGen      total 32256K, used 864K [0x00000000d5580000, 0x00000000d7680000, 0x0000000100000000)
  eden space 31232K, 0% used [0x00000000d5580000,0x00000000d5580000,0x00000000d7400000)
  from space 1024K, 84% used [0x00000000d7400000,0x00000000d74d8000,0x00000000d7500000)
  to   space 1024K, 0% used [0x00000000d7580000,0x00000000d7580000,0x00000000d7680000)
 ParOldGen       total 364032K, used 363620K [0x0000000080000000, 0x0000000096380000, 0x00000000d5580000)
  object space 364032K, 99% used [0x0000000080000000,0x0000000096319040,0x0000000096380000)
 Metaspace       used 63710K, committed 65152K, reserved 1114112K
  class space    used 5791K, committed 6400K, reserved 1048576K
}
Event: 22.287 GC heap before
{Heap before GC invocations=127 (full 3):
 PSYoungGen      total 32256K, used 32096K [0x00000000d5580000, 0x00000000d7680000, 0x0000000100000000)
  eden space 31232K, 100% used [0x00000000d5580000,0x00000000d7400000,0x00000000d7400000)
  from space 1024K, 84% used [0x00000000d7400000,0x00000000d74d8000,0x00000000d7500000)
  to   space 1024K, 0% used [0x00000000d7580000,0x00000000d7580000,0x00000000d7680000)
 ParOldGen       total 364032K, used 363620K [0x0000000080000000, 0x0000000096380000, 0x00000000d5580000)
  object space 364032K, 99% used [0x0000000080000000,0x0000000096319040,0x0000000096380000)
 Metaspace       used 63729K, committed 65152K, reserved 1114112K
  class space    used 5791K, committed 6400K, reserved 1048576K
}
Event: 22.291 GC heap after
{Heap after GC invocations=127 (full 3):
 PSYoungGen      total 32768K, used 634K [0x00000000d5580000, 0x00000000d7680000, 0x0000000100000000)
  eden space 31744K, 0% used [0x00000000d5580000,0x00000000d5580000,0x00000000d7480000)
  from space 1024K, 61% used [0x00000000d7580000,0x00000000d761e900,0x00000000d7680000)
  to   space 1024K, 0% used [0x00000000d7480000,0x00000000d7480000,0x00000000d7580000)
 ParOldGen       total 364544K, used 364217K [0x0000000080000000, 0x0000000096400000, 0x00000000d5580000)
  object space 364544K, 99% used [0x0000000080000000,0x00000000963ae590,0x0000000096400000)
 Metaspace       used 63729K, committed 65152K, reserved 1114112K
  class space    used 5791K, committed 6400K, reserved 1048576K
}
Event: 22.321 GC heap before
{Heap before GC invocations=128 (full 3):
 PSYoungGen      total 32768K, used 32378K [0x00000000d5580000, 0x00000000d7680000, 0x0000000100000000)
  eden space 31744K, 100% used [0x00000000d5580000,0x00000000d7480000,0x00000000d7480000)
  from space 1024K, 61% used [0x00000000d7580000,0x00000000d761e900,0x00000000d7680000)
  to   space 1024K, 0% used [0x00000000d7480000,0x00000000d7480000,0x00000000d7580000)
 ParOldGen       total 364544K, used 364217K [0x0000000080000000, 0x0000000096400000, 0x00000000d5580000)
  object space 364544K, 99% used [0x0000000080000000,0x00000000963ae590,0x0000000096400000)
 Metaspace       used 63736K, committed 65152K, reserved 1114112K
  class space    used 5791K, committed 6400K, reserved 1048576K
}
Event: 22.326 GC heap after
{Heap after GC invocations=128 (full 3):
 PSYoungGen      total 32256K, used 1024K [0x00000000d5580000, 0x00000000d7800000, 0x0000000100000000)
  eden space 31232K, 0% used [0x00000000d5580000,0x00000000d5580000,0x00000000d7400000)
  from space 1024K, 100% used [0x00000000d7480000,0x00000000d7580000,0x00000000d7580000)
  to   space 2048K, 0% used [0x00000000d7600000,0x00000000d7600000,0x00000000d7800000)
 ParOldGen       total 365056K, used 364723K [0x0000000080000000, 0x0000000096480000, 0x00000000d5580000)
  object space 365056K, 99% used [0x0000000080000000,0x000000009642cf80,0x0000000096480000)
 Metaspace       used 63736K, committed 65152K, reserved 1114112K
  class space    used 5791K, committed 6400K, reserved 1048576K
}
Event: 22.358 GC heap before
{Heap before GC invocations=129 (full 3):
 PSYoungGen      total 32256K, used 32256K [0x00000000d5580000, 0x00000000d7800000, 0x0000000100000000)
  eden space 31232K, 100% used [0x00000000d5580000,0x00000000d7400000,0x00000000d7400000)
  from space 1024K, 100% used [0x00000000d7480000,0x00000000d7580000,0x00000000d7580000)
  to   space 2048K, 0% used [0x00000000d7600000,0x00000000d7600000,0x00000000d7800000)
 ParOldGen       total 365056K, used 364723K [0x0000000080000000, 0x0000000096480000, 0x00000000d5580000)
  object space 365056K, 99% used [0x0000000080000000,0x000000009642cf80,0x0000000096480000)
 Metaspace       used 63752K, committed 65152K, reserved 1114112K
  class space    used 5791K, committed 6400K, reserved 1048576K
}
Event: 22.361 GC heap after
{Heap after GC invocations=129 (full 3):
 PSYoungGen      total 33280K, used 1088K [0x00000000d5580000, 0x00000000d7780000, 0x0000000100000000)
  eden space 31744K, 0% used [0x00000000d5580000,0x00000000d5580000,0x00000000d7480000)
  from space 1536K, 70% used [0x00000000d7600000,0x00000000d7710000,0x00000000d7780000)
  to   space 1536K, 0% used [0x00000000d7480000,0x00000000d7480000,0x00000000d7600000)
 ParOldGen       total 366080K, used 365635K [0x0000000080000000, 0x0000000096580000, 0x00000000d5580000)
  object space 366080K, 99% used [0x0000000080000000,0x0000000096510f70,0x0000000096580000)
 Metaspace       used 63752K, committed 65152K, reserved 1114112K
  class space    used 5791K, committed 6400K, reserved 1048576K
}
Event: 22.389 GC heap before
{Heap before GC invocations=130 (full 3):
 PSYoungGen      total 33280K, used 32832K [0x00000000d5580000, 0x00000000d7780000, 0x0000000100000000)
  eden space 31744K, 100% used [0x00000000d5580000,0x00000000d7480000,0x00000000d7480000)
  from space 1536K, 70% used [0x00000000d7600000,0x00000000d7710000,0x00000000d7780000)
  to   space 1536K, 0% used [0x00000000d7480000,0x00000000d7480000,0x00000000d7600000)
 ParOldGen       total 366080K, used 365635K [0x0000000080000000, 0x0000000096580000, 0x00000000d5580000)
  object space 366080K, 99% used [0x0000000080000000,0x0000000096510f70,0x0000000096580000)
 Metaspace       used 63765K, committed 65152K, reserved 1114112K
  class space    used 5791K, committed 6400K, reserved 1048576K
}
Event: 22.393 GC heap after
{Heap after GC invocations=130 (full 3):
 PSYoungGen      total 32256K, used 992K [0x00000000d5580000, 0x00000000d7700000, 0x0000000100000000)
  eden space 31232K, 0% used [0x00000000d5580000,0x00000000d5580000,0x00000000d7400000)
  from space 1024K, 96% used [0x00000000d7480000,0x00000000d7578000,0x00000000d7580000)
  to   space 1536K, 0% used [0x00000000d7580000,0x00000000d7580000,0x00000000d7700000)
 ParOldGen       total 367104K, used 366654K [0x0000000080000000, 0x0000000096680000, 0x00000000d5580000)
  object space 367104K, 99% used [0x0000000080000000,0x000000009660f9b0,0x0000000096680000)
 Metaspace       used 63765K, committed 65152K, reserved 1114112K
  class space    used 5791K, committed 6400K, reserved 1048576K
}
Event: 22.505 GC heap before
{Heap before GC invocations=131 (full 3):
 PSYoungGen      total 32256K, used 31365K [0x00000000d5580000, 0x00000000d7700000, 0x0000000100000000)
  eden space 31232K, 97% used [0x00000000d5580000,0x00000000d73297f8,0x00000000d7400000)
  from space 1024K, 96% used [0x00000000d7480000,0x00000000d7578000,0x00000000d7580000)
  to   space 1536K, 0% used [0x00000000d7580000,0x00000000d7580000,0x00000000d7700000)
 ParOldGen       total 367104K, used 366654K [0x0000000080000000, 0x0000000096680000, 0x00000000d5580000)
  object space 367104K, 99% used [0x0000000080000000,0x000000009660f9b0,0x0000000096680000)
 Metaspace       used 63860K, committed 65280K, reserved 1114112K
  class space    used 5800K, committed 6400K, reserved 1048576K
}
Event: 22.511 GC heap after
{Heap after GC invocations=131 (full 3):
 PSYoungGen      total 30208K, used 1504K [0x00000000d5580000, 0x00000000d7b80000, 0x0000000100000000)
  eden space 28672K, 0% used [0x00000000d5580000,0x00000000d5580000,0x00000000d7180000)
  from space 1536K, 97% used [0x00000000d7580000,0x00000000d76f8010,0x00000000d7700000)
  to   space 4096K, 0% used [0x00000000d7180000,0x00000000d7180000,0x00000000d7580000)
 ParOldGen       total 368640K, used 368487K [0x0000000080000000, 0x0000000096800000, 0x00000000d5580000)
  object space 368640K, 99% used [0x0000000080000000,0x00000000967d9eb8,0x0000000096800000)
 Metaspace       used 63860K, committed 65280K, reserved 1114112K
  class space    used 5800K, committed 6400K, reserved 1048576K
}
Event: 22.817 GC heap before
{Heap before GC invocations=132 (full 3):
 PSYoungGen      total 30208K, used 30176K [0x00000000d5580000, 0x00000000d7b80000, 0x0000000100000000)
  eden space 28672K, 100% used [0x00000000d5580000,0x00000000d7180000,0x00000000d7180000)
  from space 1536K, 97% used [0x00000000d7580000,0x00000000d76f8010,0x00000000d7700000)
  to   space 4096K, 0% used [0x00000000d7180000,0x00000000d7180000,0x00000000d7580000)
 ParOldGen       total 368640K, used 368487K [0x0000000080000000, 0x0000000096800000, 0x00000000d5580000)
  object space 368640K, 99% used [0x0000000080000000,0x00000000967d9eb8,0x0000000096800000)
 Metaspace       used 64283K, committed 65664K, reserved 1114112K
  class space    used 5821K, committed 6400K, reserved 1048576K
}

