# JRE version: Java(TM) SE Runtime Environment (24.0+36) (build 24+36-3646)
# Java VM: Java HotSpot(TM) 64-Bit Server VM (24+36-3646, mixed mode, sharing, tiered, compressed oops, compressed class ptrs, parallel gc, windows-amd64)
GC Precious Log:
 CardTable entry size: 512
 CPUs: 8 total, 8 available
 Memory: 7876M
 Large Page Support: Disabled
 NUMA Support: Disabled
 Compressed Oops: Enabled (32-bit)
 Alignments: Space 512K, Generation 512K, Heap 2M
 Heap Min Capacity: 100M
 Heap Initial Capacity: 100M
 Heap Max Capacity: 2G
 Pre-touch: Disabled
 Parallel Workers: 8
Heap:
 PSYoungGen      total 34816K, used 26205K [0x00000000d5580000, 0x00000000d7e80000, 0x0000000100000000)
  eden space 33792K, 75% used [0x00000000d5580000,0x00000000d6e6a348,0x00000000d7680000)
  from space 1024K, 67% used [0x00000000d7d80000,0x00000000d7e2d220,0x00000000d7e80000)
  to   space 1024K, 0% used [0x00000000d7c80000,0x00000000d7c80000,0x00000000d7d80000)
 ParOldGen       total 581120K, used 580652K [0x0000000080000000, 0x00000000a3780000, 0x00000000d5580000)
  object space 581120K, 99% used [0x0000000080000000,0x00000000a370b268,0x00000000a3780000)
 Metaspace       used 72100K, committed 73536K, reserved 1179648K
  class space    used 6483K, committed 7104K, reserved 1048576K
GC Heap History (20 events):
Event: 25.726 GC heap before
{Heap before GC invocations=202 (full 3):
 PSYoungGen      total 32768K, used 32643K [0x00000000d5580000, 0x00000000d8280000, 0x0000000100000000)
  eden space 31744K, 100% used [0x00000000d5580000,0x00000000d7480000,0x00000000d7480000)
  from space 1024K, 87% used [0x00000000d8180000,0x00000000d8260f10,0x00000000d8280000)
  to   space 1536K, 0% used [0x00000000d7f80000,0x00000000d7f80000,0x00000000d8100000)
 ParOldGen       total 572928K, used 572520K [0x0000000080000000, 0x00000000a2f80000, 0x00000000d5580000)
  object space 572928K, 99% used [0x0000000080000000,0x00000000a2f1a330,0x00000000a2f80000)
 Metaspace       used 68958K, committed 70272K, reserved 1114112K
  class space    used 6292K, committed 6848K, reserved 1048576K
}
Event: 25.730 GC heap after
{Heap after GC invocations=202 (full 3):
 PSYoungGen      total 32768K, used 1366K [0x00000000d5580000, 0x00000000d8200000, 0x0000000100000000)
  eden space 31232K, 0% used [0x00000000d5580000,0x00000000d5580000,0x00000000d7400000)
  from space 1536K, 88% used [0x00000000d7f80000,0x00000000d80d5b00,0x00000000d8100000)
  to   space 1024K, 0% used [0x00000000d8100000,0x00000000d8100000,0x00000000d8200000)
 ParOldGen       total 573440K, used 573016K [0x0000000080000000, 0x00000000a3000000, 0x00000000d5580000)
  object space 573440K, 99% used [0x0000000080000000,0x00000000a2f96040,0x00000000a3000000)
 Metaspace       used 68958K, committed 70272K, reserved 1114112K
  class space    used 6292K, committed 6848K, reserved 1048576K
}
Event: 25.936 GC heap before
{Heap before GC invocations=203 (full 3):
 PSYoungGen      total 32768K, used 32598K [0x00000000d5580000, 0x00000000d8200000, 0x0000000100000000)
  eden space 31232K, 100% used [0x00000000d5580000,0x00000000d7400000,0x00000000d7400000)
  from space 1536K, 88% used [0x00000000d7f80000,0x00000000d80d5b00,0x00000000d8100000)
  to   space 1024K, 0% used [0x00000000d8100000,0x00000000d8100000,0x00000000d8200000)
 ParOldGen       total 573440K, used 573016K [0x0000000080000000, 0x00000000a3000000, 0x00000000d5580000)
  object space 573440K, 99% used [0x0000000080000000,0x00000000a2f96040,0x00000000a3000000)
 Metaspace       used 69049K, committed 70336K, reserved 1114112K
  class space    used 6292K, committed 6848K, reserved 1048576K
}
Event: 25.938 GC heap after
{Heap after GC invocations=203 (full 3):
 PSYoungGen      total 43520K, used 291K [0x00000000d5580000, 0x00000000d8180000, 0x0000000100000000)
  eden space 43008K, 0% used [0x00000000d5580000,0x00000000d5580000,0x00000000d7f80000)
  from space 512K, 56% used [0x00000000d8100000,0x00000000d8148eb0,0x00000000d8180000)
  to   space 1024K, 0% used [0x00000000d7f80000,0x00000000d7f80000,0x00000000d8080000)
 ParOldGen       total 573952K, used 573950K [0x0000000080000000, 0x00000000a3080000, 0x00000000d5580000)
  object space 573952K, 99% used [0x0000000080000000,0x00000000a307f928,0x00000000a3080000)
 Metaspace       used 69049K, committed 70336K, reserved 1114112K
  class space    used 6292K, committed 6848K, reserved 1048576K
}
Event: 26.145 GC heap before
{Heap before GC invocations=204 (full 3):
 PSYoungGen      total 43520K, used 43299K [0x00000000d5580000, 0x00000000d8180000, 0x0000000100000000)
  eden space 43008K, 100% used [0x00000000d5580000,0x00000000d7f80000,0x00000000d7f80000)
  from space 512K, 56% used [0x00000000d8100000,0x00000000d8148eb0,0x00000000d8180000)
  to   space 1024K, 0% used [0x00000000d7f80000,0x00000000d7f80000,0x00000000d8080000)
 ParOldGen       total 573952K, used 573950K [0x0000000080000000, 0x00000000a3080000, 0x00000000d5580000)
  object space 573952K, 99% used [0x0000000080000000,0x00000000a307f928,0x00000000a3080000)
 Metaspace       used 69121K, committed 70400K, reserved 1114112K
  class space    used 6293K, committed 6848K, reserved 1048576K
}
Event: 26.148 GC heap after
{Heap after GC invocations=204 (full 3):
 PSYoungGen      total 43008K, used 1003K [0x00000000d5580000, 0x00000000d8280000, 0x0000000100000000)
  eden space 41984K, 0% used [0x00000000d5580000,0x00000000d5580000,0x00000000d7e80000)
  from space 1024K, 98% used [0x00000000d7f80000,0x00000000d807aea0,0x00000000d8080000)
  to   space 2048K, 0% used [0x00000000d8080000,0x00000000d8080000,0x00000000d8280000)
 ParOldGen       total 574976K, used 574501K [0x0000000080000000, 0x00000000a3180000, 0x00000000d5580000)
  object space 574976K, 99% used [0x0000000080000000,0x00000000a31096c8,0x00000000a3180000)
 Metaspace       used 69121K, committed 70400K, reserved 1114112K
  class space    used 6293K, committed 6848K, reserved 1048576K
}
Event: 26.508 GC heap before
{Heap before GC invocations=205 (full 3):
 PSYoungGen      total 43008K, used 42987K [0x00000000d5580000, 0x00000000d8280000, 0x0000000100000000)
  eden space 41984K, 100% used [0x00000000d5580000,0x00000000d7e80000,0x00000000d7e80000)
  from space 1024K, 98% used [0x00000000d7f80000,0x00000000d807aea0,0x00000000d8080000)
  to   space 2048K, 0% used [0x00000000d8080000,0x00000000d8080000,0x00000000d8280000)
 ParOldGen       total 574976K, used 574501K [0x0000000080000000, 0x00000000a3180000, 0x00000000d5580000)
  object space 574976K, 99% used [0x0000000080000000,0x00000000a31096c8,0x00000000a3180000)
 Metaspace       used 70482K, committed 71808K, reserved 1114112K
  class space    used 6392K, committed 6912K, reserved 1048576K
}
Event: 26.513 GC heap after
{Heap after GC invocations=205 (full 3):
 PSYoungGen      total 41472K, used 2045K [0x00000000d5580000, 0x00000000d8680000, 0x0000000100000000)
  eden space 39424K, 0% used [0x00000000d5580000,0x00000000d5580000,0x00000000d7c00000)
  from space 2048K, 99% used [0x00000000d8080000,0x00000000d827f5f0,0x00000000d8280000)
  to   space 4608K, 0% used [0x00000000d7c00000,0x00000000d7c00000,0x00000000d8080000)
 ParOldGen       total 576512K, used 576267K [0x0000000080000000, 0x00000000a3300000, 0x00000000d5580000)
  object space 576512K, 99% used [0x0000000080000000,0x00000000a32c2e50,0x00000000a3300000)
 Metaspace       used 70482K, committed 71808K, reserved 1114112K
  class space    used 6392K, committed 6912K, reserved 1048576K
}
Event: 27.465 GC heap before
{Heap before GC invocations=206 (full 3):
 PSYoungGen      total 41472K, used 41469K [0x00000000d5580000, 0x00000000d8680000, 0x0000000100000000)
  eden space 39424K, 100% used [0x00000000d5580000,0x00000000d7c00000,0x00000000d7c00000)
  from space 2048K, 99% used [0x00000000d8080000,0x00000000d827f5f0,0x00000000d8280000)
  to   space 4608K, 0% used [0x00000000d7c00000,0x00000000d7c00000,0x00000000d8080000)
 ParOldGen       total 576512K, used 576267K [0x0000000080000000, 0x00000000a3300000, 0x00000000d5580000)
  object space 576512K, 99% used [0x0000000080000000,0x00000000a32c2e50,0x00000000a3300000)
 Metaspace       used 70778K, committed 72128K, reserved 1114112K
  class space    used 6412K, committed 6976K, reserved 1048576K
}
Event: 27.470 GC heap after
{Heap after GC invocations=206 (full 3):
 PSYoungGen      total 39424K, used 924K [0x00000000d5580000, 0x00000000d8100000, 0x0000000100000000)
  eden space 38400K, 0% used [0x00000000d5580000,0x00000000d5580000,0x00000000d7b00000)
  from space 1024K, 90% used [0x00000000d7c00000,0x00000000d7ce7100,0x00000000d7d00000)
  to   space 2048K, 0% used [0x00000000d7f00000,0x00000000d7f00000,0x00000000d8100000)
 ParOldGen       total 578048K, used 577723K [0x0000000080000000, 0x00000000a3480000, 0x00000000d5580000)
  object space 578048K, 99% used [0x0000000080000000,0x00000000a342ed30,0x00000000a3480000)
 Metaspace       used 70778K, committed 72128K, reserved 1114112K
  class space    used 6412K, committed 6976K, reserved 1048576K
}
Event: 31.249 GC heap before
{Heap before GC invocations=207 (full 3):
 PSYoungGen      total 39424K, used 39324K [0x00000000d5580000, 0x00000000d8100000, 0x0000000100000000)
  eden space 38400K, 100% used [0x00000000d5580000,0x00000000d7b00000,0x00000000d7b00000)
  from space 1024K, 90% used [0x00000000d7c00000,0x00000000d7ce7100,0x00000000d7d00000)
  to   space 2048K, 0% used [0x00000000d7f00000,0x00000000d7f00000,0x00000000d8100000)
 ParOldGen       total 578048K, used 577723K [0x0000000080000000, 0x00000000a3480000, 0x00000000d5580000)
  object space 578048K, 99% used [0x0000000080000000,0x00000000a342ed30,0x00000000a3480000)
 Metaspace       used 70881K, committed 72256K, reserved 1114112K
  class space    used 6413K, committed 6976K, reserved 1048576K
}
Event: 31.252 GC heap after
{Heap after GC invocations=207 (full 3):
 PSYoungGen      total 37888K, used 416K [0x00000000d5580000, 0x00000000d7f80000, 0x0000000100000000)
  eden space 37376K, 0% used [0x00000000d5580000,0x00000000d5580000,0x00000000d7a00000)
  from space 512K, 81% used [0x00000000d7f00000,0x00000000d7f68000,0x00000000d7f80000)
  to   space 1024K, 0% used [0x00000000d7d80000,0x00000000d7d80000,0x00000000d7e80000)
 ParOldGen       total 578048K, used 577979K [0x0000000080000000, 0x00000000a3480000, 0x00000000d5580000)
  object space 578048K, 99% used [0x0000000080000000,0x00000000a346ec30,0x00000000a3480000)
 Metaspace       used 70881K, committed 72256K, reserved 1114112K
  class space    used 6413K, committed 6976K, reserved 1048576K
}
Event: 35.376 GC heap before
{Heap before GC invocations=208 (full 3):
 PSYoungGen      total 37888K, used 37792K [0x00000000d5580000, 0x00000000d7f80000, 0x0000000100000000)
  eden space 37376K, 100% used [0x00000000d5580000,0x00000000d7a00000,0x00000000d7a00000)
  from space 512K, 81% used [0x00000000d7f00000,0x00000000d7f68000,0x00000000d7f80000)
  to   space 1024K, 0% used [0x00000000d7d80000,0x00000000d7d80000,0x00000000d7e80000)
 ParOldGen       total 578048K, used 577979K [0x0000000080000000, 0x00000000a3480000, 0x00000000d5580000)
  object space 578048K, 99% used [0x0000000080000000,0x00000000a346ec30,0x00000000a3480000)
 Metaspace       used 71170K, committed 72512K, reserved 1114112K
  class space    used 6428K, committed 7040K, reserved 1048576K
}
Event: 35.380 GC heap after
{Heap after GC invocations=208 (full 3):
 PSYoungGen      total 37376K, used 562K [0x00000000d5580000, 0x00000000d7f80000, 0x0000000100000000)
  eden space 36352K, 0% used [0x00000000d5580000,0x00000000d5580000,0x00000000d7900000)
  from space 1024K, 54% used [0x00000000d7d80000,0x00000000d7e0c950,0x00000000d7e80000)
  to   space 1024K, 0% used [0x00000000d7e80000,0x00000000d7e80000,0x00000000d7f80000)
 ParOldGen       total 578560K, used 578115K [0x0000000080000000, 0x00000000a3500000, 0x00000000d5580000)
  object space 578560K, 99% used [0x0000000080000000,0x00000000a3490c30,0x00000000a3500000)
 Metaspace       used 71170K, committed 72512K, reserved 1114112K
  class space    used 6428K, committed 7040K, reserved 1048576K
}
Event: 38.181 GC heap before
{Heap before GC invocations=209 (full 3):
 PSYoungGen      total 37376K, used 36914K [0x00000000d5580000, 0x00000000d7f80000, 0x0000000100000000)
  eden space 36352K, 100% used [0x00000000d5580000,0x00000000d7900000,0x00000000d7900000)
  from space 1024K, 54% used [0x00000000d7d80000,0x00000000d7e0c950,0x00000000d7e80000)
  to   space 1024K, 0% used [0x00000000d7e80000,0x00000000d7e80000,0x00000000d7f80000)
 ParOldGen       total 578560K, used 578115K [0x0000000080000000, 0x00000000a3500000, 0x00000000d5580000)
  object space 578560K, 99% used [0x0000000080000000,0x00000000a3490c30,0x00000000a3500000)
 Metaspace       used 71236K, committed 72576K, reserved 1114112K
  class space    used 6432K, committed 7040K, reserved 1048576K
}
Event: 38.184 GC heap after
{Heap after GC invocations=209 (full 3):
 PSYoungGen      total 36352K, used 1002K [0x00000000d5580000, 0x00000000d7f80000, 0x0000000100000000)
  eden space 35328K, 0% used [0x00000000d5580000,0x00000000d5580000,0x00000000d7800000)
  from space 1024K, 97% used [0x00000000d7e80000,0x00000000d7f7a900,0x00000000d7f80000)
  to   space 2560K, 0% used [0x00000000d7a80000,0x00000000d7a80000,0x00000000d7d00000)
 ParOldGen       total 579584K, used 579136K [0x0000000080000000, 0x00000000a3600000, 0x00000000d5580000)
  object space 579584K, 99% used [0x0000000080000000,0x00000000a3590028,0x00000000a3600000)
 Metaspace       used 71236K, committed 72576K, reserved 1114112K
  class space    used 6432K, committed 7040K, reserved 1048576K
}
Event: 39.997 GC heap before
{Heap before GC invocations=210 (full 3):
 PSYoungGen      total 36352K, used 36330K [0x00000000d5580000, 0x00000000d7f80000, 0x0000000100000000)
  eden space 35328K, 100% used [0x00000000d5580000,0x00000000d7800000,0x00000000d7800000)
  from space 1024K, 97% used [0x00000000d7e80000,0x00000000d7f7a900,0x00000000d7f80000)
  to   space 2560K, 0% used [0x00000000d7a80000,0x00000000d7a80000,0x00000000d7d00000)
 ParOldGen       total 579584K, used 579136K [0x0000000080000000, 0x00000000a3600000, 0x00000000d5580000)
  object space 579584K, 99% used [0x0000000080000000,0x00000000a3590028,0x00000000a3600000)
 Metaspace       used 71323K, committed 72704K, reserved 1179648K
  class space    used 6437K, committed 7040K, reserved 1048576K
}
Event: 40.002 GC heap after
{Heap after GC invocations=210 (full 3):
 PSYoungGen      total 36864K, used 658K [0x00000000d5580000, 0x00000000d7f00000, 0x0000000100000000)
  eden space 34304K, 0% used [0x00000000d5580000,0x00000000d5580000,0x00000000d7700000)
  from space 2560K, 25% used [0x00000000d7a80000,0x00000000d7b24940,0x00000000d7d00000)
  to   space 1536K, 0% used [0x00000000d7d80000,0x00000000d7d80000,0x00000000d7f00000)
 ParOldGen       total 580608K, used 580114K [0x0000000080000000, 0x00000000a3700000, 0x00000000d5580000)
  object space 580608K, 99% used [0x0000000080000000,0x00000000a3684928,0x00000000a3700000)
 Metaspace       used 71323K, committed 72704K, reserved 1179648K
  class space    used 6437K, committed 7040K, reserved 1048576K
}
Event: 46.980 GC heap before
{Heap before GC invocations=211 (full 3):
 PSYoungGen      total 36864K, used 34962K [0x00000000d5580000, 0x00000000d7f00000, 0x0000000100000000)
  eden space 34304K, 100% used [0x00000000d5580000,0x00000000d7700000,0x00000000d7700000)
  from space 2560K, 25% used [0x00000000d7a80000,0x00000000d7b24940,0x00000000d7d00000)
  to   space 1536K, 0% used [0x00000000d7d80000,0x00000000d7d80000,0x00000000d7f00000)
 ParOldGen       total 580608K, used 580114K [0x0000000080000000, 0x00000000a3700000, 0x00000000d5580000)
  object space 580608K, 99% used [0x0000000080000000,0x00000000a3684928,0x00000000a3700000)
 Metaspace       used 71491K, committed 72960K, reserved 1179648K
  class space    used 6449K, committed 7104K, reserved 1048576K
}
Event: 46.983 GC heap after
{Heap after GC invocations=211 (full 3):
 PSYoungGen      total 34816K, used 692K [0x00000000d5580000, 0x00000000d7e80000, 0x0000000100000000)
  eden space 33792K, 0% used [0x00000000d5580000,0x00000000d5580000,0x00000000d7680000)
  from space 1024K, 67% used [0x00000000d7d80000,0x00000000d7e2d220,0x00000000d7e80000)
  to   space 1024K, 0% used [0x00000000d7c80000,0x00000000d7c80000,0x00000000d7d80000)
 ParOldGen       total 581120K, used 580652K [0x0000000080000000, 0x00000000a3780000, 0x00000000d5580000)
  object space 581120K, 99% used [0x0000000080000000,0x00000000a370b268,0x00000000a3780000)
 Metaspace       used 71491K, committed 72960K, reserved 1179648K
  class space    used 6449K, committed 7104K, reserved 1048576K
}

