# JRE version: Java(TM) SE Runtime Environment (24.0+36) (build 24+36-3646)
# Java VM: Java HotSpot(TM) 64-Bit Server VM (24+36-3646, mixed mode, sharing, tiered, compressed oops, compressed class ptrs, parallel gc, windows-amd64)
GC Precious Log:
 CardTable entry size: 512
 CPUs: 8 total, 8 available
 Memory: 7876M
 Large Page Support: Disabled
 NUMA Support: Disabled
 Compressed Oops: Enabled (32-bit)
 Alignments: Space 512K, Generation 512K, Heap 2M
 Heap Min Capacity: 100M
 Heap Initial Capacity: 100M
 Heap Max Capacity: 2G
 Pre-touch: Disabled
 Parallel Workers: 8
Heap:
 PSYoungGen      total 30720K, used 28799K [0x00000000d5580000, 0x00000000d7900000, 0x0000000100000000)
  eden space 29184K, 93% used [0x00000000d5580000,0x00000000d7025e30,0x00000000d7200000)
  from space 1536K, 98% used [0x00000000d7280000,0x00000000d73fa100,0x00000000d7400000)
  to   space 3584K, 0% used [0x00000000d7580000,0x00000000d7580000,0x00000000d7900000)
 ParOldGen       total 1067008K, used 1066887K [0x0000000080000000, 0x00000000c1200000, 0x00000000d5580000)
  object space 1067008K, 99% used [0x0000000080000000,0x00000000c11e1cb0,0x00000000c1200000)
 Metaspace       used 105544K, committed 107264K, reserved 1179648K
  class space    used 9214K, committed 10112K, reserved 1048576K
GC Heap History (20 events):
Event: 58858.438 GC heap before
{Heap before GC invocations=3101 (full 8):
 PSYoungGen      total 34816K, used 34433K [0x00000000d5580000, 0x00000000d7a80000, 0x0000000100000000)
  eden space 33792K, 98% used [0x00000000d5580000,0x00000000d76233f8,0x00000000d7680000)
  from space 1024K, 98% used [0x00000000d7700000,0x00000000d77fd240,0x00000000d7800000)
  to   space 2048K, 0% used [0x00000000d7880000,0x00000000d7880000,0x00000000d7a80000)
 ParOldGen       total 1052160K, used 1051978K [0x0000000080000000, 0x00000000c0380000, 0x00000000d5580000)
  object space 1052160K, 99% used [0x0000000080000000,0x00000000c0352888,0x00000000c0380000)
 Metaspace       used 105537K, committed 107264K, reserved 1179648K
  class space    used 9214K, committed 10112K, reserved 1048576K
}
Event: 58858.443 GC heap after
{Heap after GC invocations=3101 (full 8):
 PSYoungGen      total 33280K, used 2019K [0x00000000d5580000, 0x00000000d7f00000, 0x0000000100000000)
  eden space 31232K, 0% used [0x00000000d5580000,0x00000000d5580000,0x00000000d7400000)
  from space 2048K, 98% used [0x00000000d7880000,0x00000000d7a78d00,0x00000000d7a80000)
  to   space 4608K, 0% used [0x00000000d7400000,0x00000000d7400000,0x00000000d7880000)
 ParOldGen       total 1054208K, used 1053918K [0x0000000080000000, 0x00000000c0580000, 0x00000000d5580000)
  object space 1054208K, 99% used [0x0000000080000000,0x00000000c0537828,0x00000000c0580000)
 Metaspace       used 105537K, committed 107264K, reserved 1179648K
  class space    used 9214K, committed 10112K, reserved 1048576K
}
Event: 58859.213 GC heap before
{Heap before GC invocations=3102 (full 8):
 PSYoungGen      total 33280K, used 33251K [0x00000000d5580000, 0x00000000d7f00000, 0x0000000100000000)
  eden space 31232K, 100% used [0x00000000d5580000,0x00000000d7400000,0x00000000d7400000)
  from space 2048K, 98% used [0x00000000d7880000,0x00000000d7a78d00,0x00000000d7a80000)
  to   space 4608K, 0% used [0x00000000d7400000,0x00000000d7400000,0x00000000d7880000)
 ParOldGen       total 1054208K, used 1053918K [0x0000000080000000, 0x00000000c0580000, 0x00000000d5580000)
  object space 1054208K, 99% used [0x0000000080000000,0x00000000c0537828,0x00000000c0580000)
 Metaspace       used 105537K, committed 107264K, reserved 1179648K
  class space    used 9214K, committed 10112K, reserved 1048576K
}
Event: 58859.218 GC heap after
{Heap after GC invocations=3102 (full 8):
 PSYoungGen      total 31744K, used 954K [0x00000000d5580000, 0x00000000d7900000, 0x0000000100000000)
  eden space 30720K, 0% used [0x00000000d5580000,0x00000000d5580000,0x00000000d7380000)
  from space 1024K, 93% used [0x00000000d7400000,0x00000000d74ee920,0x00000000d7500000)
  to   space 2048K, 0% used [0x00000000d7700000,0x00000000d7700000,0x00000000d7900000)
 ParOldGen       total 1056256K, used 1055912K [0x0000000080000000, 0x00000000c0780000, 0x00000000d5580000)
  object space 1056256K, 99% used [0x0000000080000000,0x00000000c072a3b0,0x00000000c0780000)
 Metaspace       used 105537K, committed 107264K, reserved 1179648K
  class space    used 9214K, committed 10112K, reserved 1048576K
}
Event: 58860.208 GC heap before
{Heap before GC invocations=3103 (full 8):
 PSYoungGen      total 31744K, used 31674K [0x00000000d5580000, 0x00000000d7900000, 0x0000000100000000)
  eden space 30720K, 100% used [0x00000000d5580000,0x00000000d7380000,0x00000000d7380000)
  from space 1024K, 93% used [0x00000000d7400000,0x00000000d74ee920,0x00000000d7500000)
  to   space 2048K, 0% used [0x00000000d7700000,0x00000000d7700000,0x00000000d7900000)
 ParOldGen       total 1056256K, used 1055912K [0x0000000080000000, 0x00000000c0780000, 0x00000000d5580000)
  object space 1056256K, 99% used [0x0000000080000000,0x00000000c072a3b0,0x00000000c0780000)
 Metaspace       used 105537K, committed 107264K, reserved 1179648K
  class space    used 9214K, committed 10112K, reserved 1048576K
}
Event: 58860.215 GC heap after
{Heap after GC invocations=3103 (full 8):
 PSYoungGen      total 29696K, used 2032K [0x00000000d5580000, 0x00000000d8000000, 0x0000000100000000)
  eden space 27648K, 0% used [0x00000000d5580000,0x00000000d5580000,0x00000000d7080000)
  from space 2048K, 99% used [0x00000000d7700000,0x00000000d78fc030,0x00000000d7900000)
  to   space 6656K, 0% used [0x00000000d7080000,0x00000000d7080000,0x00000000d7700000)
 ParOldGen       total 1059328K, used 1059247K [0x0000000080000000, 0x00000000c0a80000, 0x00000000d5580000)
  object space 1059328K, 99% used [0x0000000080000000,0x00000000c0a6bd18,0x00000000c0a80000)
 Metaspace       used 105537K, committed 107264K, reserved 1179648K
  class space    used 9214K, committed 10112K, reserved 1048576K
}
Event: 58860.977 GC heap before
{Heap before GC invocations=3104 (full 8):
 PSYoungGen      total 29696K, used 29680K [0x00000000d5580000, 0x00000000d8000000, 0x0000000100000000)
  eden space 27648K, 100% used [0x00000000d5580000,0x00000000d7080000,0x00000000d7080000)
  from space 2048K, 99% used [0x00000000d7700000,0x00000000d78fc030,0x00000000d7900000)
  to   space 6656K, 0% used [0x00000000d7080000,0x00000000d7080000,0x00000000d7700000)
 ParOldGen       total 1059328K, used 1059247K [0x0000000080000000, 0x00000000c0a80000, 0x00000000d5580000)
  object space 1059328K, 99% used [0x0000000080000000,0x00000000c0a6bd18,0x00000000c0a80000)
 Metaspace       used 105537K, committed 107264K, reserved 1179648K
  class space    used 9214K, committed 10112K, reserved 1048576K
}
Event: 58860.982 GC heap after
{Heap after GC invocations=3104 (full 8):
 PSYoungGen      total 31744K, used 4343K [0x00000000d5580000, 0x00000000d7a00000, 0x0000000100000000)
  eden space 27136K, 0% used [0x00000000d5580000,0x00000000d5580000,0x00000000d7000000)
  from space 4608K, 94% used [0x00000000d7080000,0x00000000d74bdc20,0x00000000d7500000)
  to   space 5120K, 0% used [0x00000000d7500000,0x00000000d7500000,0x00000000d7a00000)
 ParOldGen       total 1060864K, used 1060358K [0x0000000080000000, 0x00000000c0c00000, 0x00000000d5580000)
  object space 1060864K, 99% used [0x0000000080000000,0x00000000c0b819f0,0x00000000c0c00000)
 Metaspace       used 105537K, committed 107264K, reserved 1179648K
  class space    used 9214K, committed 10112K, reserved 1048576K
}
Event: 58861.566 GC heap before
{Heap before GC invocations=3105 (full 8):
 PSYoungGen      total 31744K, used 31479K [0x00000000d5580000, 0x00000000d7a00000, 0x0000000100000000)
  eden space 27136K, 100% used [0x00000000d5580000,0x00000000d7000000,0x00000000d7000000)
  from space 4608K, 94% used [0x00000000d7080000,0x00000000d74bdc20,0x00000000d7500000)
  to   space 5120K, 0% used [0x00000000d7500000,0x00000000d7500000,0x00000000d7a00000)
 ParOldGen       total 1060864K, used 1060358K [0x0000000080000000, 0x00000000c0c00000, 0x00000000d5580000)
  object space 1060864K, 99% used [0x0000000080000000,0x00000000c0b819f0,0x00000000c0c00000)
 Metaspace       used 105537K, committed 107264K, reserved 1179648K
  class space    used 9214K, committed 10112K, reserved 1048576K
}
Event: 58861.571 GC heap after
{Heap after GC invocations=3105 (full 8):
 PSYoungGen      total 30208K, used 1178K [0x00000000d5580000, 0x00000000d7680000, 0x0000000100000000)
  eden space 28672K, 0% used [0x00000000d5580000,0x00000000d5580000,0x00000000d7180000)
  from space 1536K, 76% used [0x00000000d7500000,0x00000000d7626920,0x00000000d7680000)
  to   space 2560K, 0% used [0x00000000d7180000,0x00000000d7180000,0x00000000d7400000)
 ParOldGen       total 1061888K, used 1061477K [0x0000000080000000, 0x00000000c0d00000, 0x00000000d5580000)
  object space 1061888K, 99% used [0x0000000080000000,0x00000000c0c99730,0x00000000c0d00000)
 Metaspace       used 105537K, committed 107264K, reserved 1179648K
  class space    used 9214K, committed 10112K, reserved 1048576K
}
Event: 58863.979 GC heap before
{Heap before GC invocations=3106 (full 8):
 PSYoungGen      total 30208K, used 29850K [0x00000000d5580000, 0x00000000d7680000, 0x0000000100000000)
  eden space 28672K, 100% used [0x00000000d5580000,0x00000000d7180000,0x00000000d7180000)
  from space 1536K, 76% used [0x00000000d7500000,0x00000000d7626920,0x00000000d7680000)
  to   space 2560K, 0% used [0x00000000d7180000,0x00000000d7180000,0x00000000d7400000)
 ParOldGen       total 1061888K, used 1061477K [0x0000000080000000, 0x00000000c0d00000, 0x00000000d5580000)
  object space 1061888K, 99% used [0x0000000080000000,0x00000000c0c99730,0x00000000c0d00000)
 Metaspace       used 105540K, committed 107264K, reserved 1179648K
  class space    used 9214K, committed 10112K, reserved 1048576K
}
Event: 58863.986 GC heap after
{Heap after GC invocations=3106 (full 8):
 PSYoungGen      total 31232K, used 1124K [0x00000000d5580000, 0x00000000d7680000, 0x0000000100000000)
  eden space 28672K, 0% used [0x00000000d5580000,0x00000000d5580000,0x00000000d7180000)
  from space 2560K, 43% used [0x00000000d7180000,0x00000000d7299230,0x00000000d7400000)
  to   space 1536K, 0% used [0x00000000d7500000,0x00000000d7500000,0x00000000d7680000)
 ParOldGen       total 1061888K, used 1061533K [0x0000000080000000, 0x00000000c0d00000, 0x00000000d5580000)
  object space 1061888K, 99% used [0x0000000080000000,0x00000000c0ca7730,0x00000000c0d00000)
 Metaspace       used 105540K, committed 107264K, reserved 1179648K
  class space    used 9214K, committed 10112K, reserved 1048576K
}
Event: 58865.673 GC heap before
{Heap before GC invocations=3107 (full 8):
 PSYoungGen      total 31232K, used 29796K [0x00000000d5580000, 0x00000000d7680000, 0x0000000100000000)
  eden space 28672K, 100% used [0x00000000d5580000,0x00000000d7180000,0x00000000d7180000)
  from space 2560K, 43% used [0x00000000d7180000,0x00000000d7299230,0x00000000d7400000)
  to   space 1536K, 0% used [0x00000000d7500000,0x00000000d7500000,0x00000000d7680000)
 ParOldGen       total 1061888K, used 1061533K [0x0000000080000000, 0x00000000c0d00000, 0x00000000d5580000)
  object space 1061888K, 99% used [0x0000000080000000,0x00000000c0ca7730,0x00000000c0d00000)
 Metaspace       used 105542K, committed 107264K, reserved 1179648K
  class space    used 9214K, committed 10112K, reserved 1048576K
}
Event: 58865.679 GC heap after
{Heap after GC invocations=3107 (full 8):
 PSYoungGen      total 27648K, used 1512K [0x00000000d5580000, 0x00000000d7d00000, 0x0000000100000000)
  eden space 26112K, 0% used [0x00000000d5580000,0x00000000d5580000,0x00000000d6f00000)
  from space 1536K, 98% used [0x00000000d7500000,0x00000000d767a100,0x00000000d7680000)
  to   space 6144K, 0% used [0x00000000d6f00000,0x00000000d6f00000,0x00000000d7500000)
 ParOldGen       total 1065472K, used 1065227K [0x0000000080000000, 0x00000000c1080000, 0x00000000d5580000)
  object space 1065472K, 99% used [0x0000000080000000,0x00000000c1042f90,0x00000000c1080000)
 Metaspace       used 105542K, committed 107264K, reserved 1179648K
  class space    used 9214K, committed 10112K, reserved 1048576K
}
Event: 58866.024 GC heap before
{Heap before GC invocations=3108 (full 8):
 PSYoungGen      total 27648K, used 27624K [0x00000000d5580000, 0x00000000d7d00000, 0x0000000100000000)
  eden space 26112K, 100% used [0x00000000d5580000,0x00000000d6f00000,0x00000000d6f00000)
  from space 1536K, 98% used [0x00000000d7500000,0x00000000d767a100,0x00000000d7680000)
  to   space 6144K, 0% used [0x00000000d6f00000,0x00000000d6f00000,0x00000000d7500000)
 ParOldGen       total 1065472K, used 1065227K [0x0000000080000000, 0x00000000c1080000, 0x00000000d5580000)
  object space 1065472K, 99% used [0x0000000080000000,0x00000000c1042f90,0x00000000c1080000)
 Metaspace       used 105542K, committed 107264K, reserved 1179648K
  class space    used 9214K, committed 10112K, reserved 1048576K
}
Event: 58866.027 GC heap after
{Heap after GC invocations=3108 (full 8):
 PSYoungGen      total 27136K, used 602K [0x00000000d5580000, 0x00000000d7680000, 0x0000000100000000)
  eden space 26112K, 0% used [0x00000000d5580000,0x00000000d5580000,0x00000000d6f00000)
  from space 1024K, 58% used [0x00000000d6f00000,0x00000000d6f96920,0x00000000d7000000)
  to   space 2560K, 0% used [0x00000000d7400000,0x00000000d7400000,0x00000000d7680000)
 ParOldGen       total 1065984K, used 1065592K [0x0000000080000000, 0x00000000c1100000, 0x00000000d5580000)
  object space 1065984K, 99% used [0x0000000080000000,0x00000000c109e1b0,0x00000000c1100000)
 Metaspace       used 105542K, committed 107264K, reserved 1179648K
  class space    used 9214K, committed 10112K, reserved 1048576K
}
Event: 58867.653 GC heap before
{Heap before GC invocations=3109 (full 8):
 PSYoungGen      total 27136K, used 26714K [0x00000000d5580000, 0x00000000d7680000, 0x0000000100000000)
  eden space 26112K, 100% used [0x00000000d5580000,0x00000000d6f00000,0x00000000d6f00000)
  from space 1024K, 58% used [0x00000000d6f00000,0x00000000d6f96920,0x00000000d7000000)
  to   space 2560K, 0% used [0x00000000d7400000,0x00000000d7400000,0x00000000d7680000)
 ParOldGen       total 1065984K, used 1065592K [0x0000000080000000, 0x00000000c1100000, 0x00000000d5580000)
  object space 1065984K, 99% used [0x0000000080000000,0x00000000c109e1b0,0x00000000c1100000)
 Metaspace       used 105542K, committed 107264K, reserved 1179648K
  class space    used 9214K, committed 10112K, reserved 1048576K
}
Event: 58867.656 GC heap after
{Heap after GC invocations=3109 (full 8):
 PSYoungGen      total 32256K, used 890K [0x00000000d5580000, 0x00000000d7680000, 0x0000000100000000)
  eden space 29696K, 0% used [0x00000000d5580000,0x00000000d5580000,0x00000000d7280000)
  from space 2560K, 34% used [0x00000000d7400000,0x00000000d74de920,0x00000000d7680000)
  to   space 1536K, 0% used [0x00000000d7280000,0x00000000d7280000,0x00000000d7400000)
 ParOldGen       total 1065984K, used 1065600K [0x0000000080000000, 0x00000000c1100000, 0x00000000d5580000)
  object space 1065984K, 99% used [0x0000000080000000,0x00000000c10a01b0,0x00000000c1100000)
 Metaspace       used 105542K, committed 107264K, reserved 1179648K
  class space    used 9214K, committed 10112K, reserved 1048576K
}
Event: 58868.304 GC heap before
{Heap before GC invocations=3110 (full 8):
 PSYoungGen      total 32256K, used 30586K [0x00000000d5580000, 0x00000000d7680000, 0x0000000100000000)
  eden space 29696K, 100% used [0x00000000d5580000,0x00000000d7280000,0x00000000d7280000)
  from space 2560K, 34% used [0x00000000d7400000,0x00000000d74de920,0x00000000d7680000)
  to   space 1536K, 0% used [0x00000000d7280000,0x00000000d7280000,0x00000000d7400000)
 ParOldGen       total 1065984K, used 1065600K [0x0000000080000000, 0x00000000c1100000, 0x00000000d5580000)
  object space 1065984K, 99% used [0x0000000080000000,0x00000000c10a01b0,0x00000000c1100000)
 Metaspace       used 105544K, committed 107264K, reserved 1179648K
  class space    used 9214K, committed 10112K, reserved 1048576K
}
Event: 58868.308 GC heap after
{Heap after GC invocations=3110 (full 8):
 PSYoungGen      total 30720K, used 1512K [0x00000000d5580000, 0x00000000d7900000, 0x0000000100000000)
  eden space 29184K, 0% used [0x00000000d5580000,0x00000000d5580000,0x00000000d7200000)
  from space 1536K, 98% used [0x00000000d7280000,0x00000000d73fa100,0x00000000d7400000)
  to   space 3584K, 0% used [0x00000000d7580000,0x00000000d7580000,0x00000000d7900000)
 ParOldGen       total 1067008K, used 1066887K [0x0000000080000000, 0x00000000c1200000, 0x00000000d5580000)
  object space 1067008K, 99% used [0x0000000080000000,0x00000000c11e1cb0,0x00000000c1200000)
 Metaspace       used 105544K, committed 107264K, reserved 1179648K
  class space    used 9214K, committed 10112K, reserved 1048576K
}

