# JRE version: Java(TM) SE Runtime Environment (24.0+36) (build 24+36-3646)
# Java VM: Java HotSpot(TM) 64-Bit Server VM (24+36-3646, mixed mode, sharing, tiered, compressed oops, compressed class ptrs, parallel gc, windows-amd64)
GC Precious Log:
 CardTable entry size: 512
 CPUs: 8 total, 8 available
 Memory: 7876M
 Large Page Support: Disabled
 NUMA Support: Disabled
 Compressed Oops: Enabled (32-bit)
 Alignments: Space 512K, Generation 512K, Heap 2M
 Heap Min Capacity: 100M
 Heap Initial Capacity: 100M
 Heap Max Capacity: 2G
 Pre-touch: Disabled
 Parallel Workers: 8
Heap:
 PSYoungGen      total 30720K, used 8006K [0x00000000d5580000, 0x00000000d7980000, 0x0000000100000000)
  eden space 20992K, 21% used [0x00000000d5580000,0x00000000d59d1b78,0x00000000d6a00000)
  from space 9728K, 36% used [0x00000000d6a00000,0x00000000d6d80000,0x00000000d7380000)
  to   space 5632K, 0% used [0x00000000d7400000,0x00000000d7400000,0x00000000d7980000)
 ParOldGen       total 506368K, used 506249K [0x0000000080000000, 0x000000009ee80000, 0x00000000d5580000)
  object space 506368K, 99% used [0x0000000080000000,0x000000009ee62778,0x000000009ee80000)
 Metaspace       used 66797K, committed 68096K, reserved 1114112K
  class space    used 6083K, committed 6656K, reserved 1048576K
GC Heap History (20 events):
Event: 24.431 GC heap after
{Heap after GC invocations=177 (full 3):
 PSYoungGen      total 27136K, used 3063K [0x00000000d5580000, 0x00000000d7d80000, 0x0000000100000000)
  eden space 24064K, 0% used [0x00000000d5580000,0x00000000d5580000,0x00000000d6d00000)
  from space 3072K, 99% used [0x00000000d7400000,0x00000000d76fdfa8,0x00000000d7700000)
  to   space 7168K, 0% used [0x00000000d6d00000,0x00000000d6d00000,0x00000000d7400000)
 ParOldGen       total 469504K, used 469427K [0x0000000080000000, 0x000000009ca80000, 0x00000000d5580000)
  object space 469504K, 99% used [0x0000000080000000,0x000000009ca6ce38,0x000000009ca80000)
 Metaspace       used 64668K, committed 66048K, reserved 1114112K
  class space    used 5808K, committed 6400K, reserved 1048576K
}
Event: 24.491 GC heap before
{Heap before GC invocations=178 (full 3):
 PSYoungGen      total 27136K, used 27127K [0x00000000d5580000, 0x00000000d7d80000, 0x0000000100000000)
  eden space 24064K, 100% used [0x00000000d5580000,0x00000000d6d00000,0x00000000d6d00000)
  from space 3072K, 99% used [0x00000000d7400000,0x00000000d76fdfa8,0x00000000d7700000)
  to   space 7168K, 0% used [0x00000000d6d00000,0x00000000d6d00000,0x00000000d7400000)
 ParOldGen       total 469504K, used 469427K [0x0000000080000000, 0x000000009ca80000, 0x00000000d5580000)
  object space 469504K, 99% used [0x0000000080000000,0x000000009ca6ce38,0x000000009ca80000)
 Metaspace       used 64668K, committed 66048K, reserved 1114112K
  class space    used 5808K, committed 6400K, reserved 1048576K
}
Event: 24.493 GC heap after
{Heap after GC invocations=178 (full 3):
 PSYoungGen      total 25600K, used 1473K [0x00000000d5580000, 0x00000000d7680000, 0x0000000100000000)
  eden space 24064K, 0% used [0x00000000d5580000,0x00000000d5580000,0x00000000d6d00000)
  from space 1536K, 95% used [0x00000000d6d00000,0x00000000d6e70440,0x00000000d6e80000)
  to   space 3584K, 0% used [0x00000000d7300000,0x00000000d7300000,0x00000000d7680000)
 ParOldGen       total 470528K, used 470267K [0x0000000080000000, 0x000000009cb80000, 0x00000000d5580000)
  object space 470528K, 99% used [0x0000000080000000,0x000000009cb3ee38,0x000000009cb80000)
 Metaspace       used 64668K, committed 66048K, reserved 1114112K
  class space    used 5808K, committed 6400K, reserved 1048576K
}
Event: 24.530 GC heap before
{Heap before GC invocations=179 (full 3):
 PSYoungGen      total 25600K, used 25537K [0x00000000d5580000, 0x00000000d7680000, 0x0000000100000000)
  eden space 24064K, 100% used [0x00000000d5580000,0x00000000d6d00000,0x00000000d6d00000)
  from space 1536K, 95% used [0x00000000d6d00000,0x00000000d6e70440,0x00000000d6e80000)
  to   space 3584K, 0% used [0x00000000d7300000,0x00000000d7300000,0x00000000d7680000)
 ParOldGen       total 470528K, used 470267K [0x0000000080000000, 0x000000009cb80000, 0x00000000d5580000)
  object space 470528K, 99% used [0x0000000080000000,0x000000009cb3ee38,0x000000009cb80000)
 Metaspace       used 64668K, committed 66048K, reserved 1114112K
  class space    used 5808K, committed 6400K, reserved 1048576K
}
Event: 24.533 GC heap after
{Heap after GC invocations=179 (full 3):
 PSYoungGen      total 29184K, used 3372K [0x00000000d5580000, 0x00000000d7680000, 0x0000000100000000)
  eden space 25600K, 0% used [0x00000000d5580000,0x00000000d5580000,0x00000000d6e80000)
  from space 3584K, 94% used [0x00000000d7300000,0x00000000d764b208,0x00000000d7680000)
  to   space 4096K, 0% used [0x00000000d6e80000,0x00000000d6e80000,0x00000000d7280000)
 ParOldGen       total 471552K, used 471249K [0x0000000080000000, 0x000000009cc80000, 0x00000000d5580000)
  object space 471552K, 99% used [0x0000000080000000,0x000000009cc347e0,0x000000009cc80000)
 Metaspace       used 64668K, committed 66048K, reserved 1114112K
  class space    used 5808K, committed 6400K, reserved 1048576K
}
Event: 24.572 GC heap before
{Heap before GC invocations=180 (full 3):
 PSYoungGen      total 29184K, used 28972K [0x00000000d5580000, 0x00000000d7680000, 0x0000000100000000)
  eden space 25600K, 100% used [0x00000000d5580000,0x00000000d6e80000,0x00000000d6e80000)
  from space 3584K, 94% used [0x00000000d7300000,0x00000000d764b208,0x00000000d7680000)
  to   space 4096K, 0% used [0x00000000d6e80000,0x00000000d6e80000,0x00000000d7280000)
 ParOldGen       total 471552K, used 471249K [0x0000000080000000, 0x000000009cc80000, 0x00000000d5580000)
  object space 471552K, 99% used [0x0000000080000000,0x000000009cc347e0,0x000000009cc80000)
 Metaspace       used 64668K, committed 66048K, reserved 1114112K
  class space    used 5808K, committed 6400K, reserved 1048576K
}
Event: 24.576 GC heap after
{Heap after GC invocations=180 (full 3):
 PSYoungGen      total 29696K, used 3512K [0x00000000d5580000, 0x00000000d7680000, 0x0000000100000000)
  eden space 25600K, 0% used [0x00000000d5580000,0x00000000d5580000,0x00000000d6e80000)
  from space 4096K, 85% used [0x00000000d6e80000,0x00000000d71ee008,0x00000000d7280000)
  to   space 4096K, 0% used [0x00000000d7280000,0x00000000d7280000,0x00000000d7680000)
 ParOldGen       total 474112K, used 474065K [0x0000000080000000, 0x000000009cf00000, 0x00000000d5580000)
  object space 474112K, 99% used [0x0000000080000000,0x000000009cef47e0,0x000000009cf00000)
 Metaspace       used 64668K, committed 66048K, reserved 1114112K
  class space    used 5808K, committed 6400K, reserved 1048576K
}
Event: 24.643 GC heap before
{Heap before GC invocations=181 (full 3):
 PSYoungGen      total 29696K, used 29112K [0x00000000d5580000, 0x00000000d7680000, 0x0000000100000000)
  eden space 25600K, 100% used [0x00000000d5580000,0x00000000d6e80000,0x00000000d6e80000)
  from space 4096K, 85% used [0x00000000d6e80000,0x00000000d71ee008,0x00000000d7280000)
  to   space 4096K, 0% used [0x00000000d7280000,0x00000000d7280000,0x00000000d7680000)
 ParOldGen       total 474112K, used 474065K [0x0000000080000000, 0x000000009cf00000, 0x00000000d5580000)
  object space 474112K, 99% used [0x0000000080000000,0x000000009cef47e0,0x000000009cf00000)
 Metaspace       used 64684K, committed 66048K, reserved 1114112K
  class space    used 5808K, committed 6400K, reserved 1048576K
}
Event: 24.646 GC heap after
{Heap after GC invocations=181 (full 3):
 PSYoungGen      total 31744K, used 992K [0x00000000d5580000, 0x00000000d7680000, 0x0000000100000000)
  eden space 27648K, 0% used [0x00000000d5580000,0x00000000d5580000,0x00000000d7080000)
  from space 4096K, 24% used [0x00000000d7280000,0x00000000d7378000,0x00000000d7680000)
  to   space 2048K, 0% used [0x00000000d7080000,0x00000000d7080000,0x00000000d7280000)
 ParOldGen       total 477184K, used 477167K [0x0000000080000000, 0x000000009d200000, 0x00000000d5580000)
  object space 477184K, 99% used [0x0000000080000000,0x000000009d1fbdf8,0x000000009d200000)
 Metaspace       used 64684K, committed 66048K, reserved 1114112K
  class space    used 5808K, committed 6400K, reserved 1048576K
}
Event: 24.755 GC heap before
{Heap before GC invocations=182 (full 3):
 PSYoungGen      total 31744K, used 28640K [0x00000000d5580000, 0x00000000d7680000, 0x0000000100000000)
  eden space 27648K, 100% used [0x00000000d5580000,0x00000000d7080000,0x00000000d7080000)
  from space 4096K, 24% used [0x00000000d7280000,0x00000000d7378000,0x00000000d7680000)
  to   space 2048K, 0% used [0x00000000d7080000,0x00000000d7080000,0x00000000d7280000)
 ParOldGen       total 477184K, used 477167K [0x0000000080000000, 0x000000009d200000, 0x00000000d5580000)
  object space 477184K, 99% used [0x0000000080000000,0x000000009d1fbdf8,0x000000009d200000)
 Metaspace       used 64825K, committed 66176K, reserved 1114112K
  class space    used 5820K, committed 6400K, reserved 1048576K
}
Event: 24.761 GC heap after
{Heap after GC invocations=182 (full 3):
 PSYoungGen      total 29184K, used 2035K [0x00000000d5580000, 0x00000000d8100000, 0x0000000100000000)
  eden space 27136K, 0% used [0x00000000d5580000,0x00000000d5580000,0x00000000d7000000)
  from space 2048K, 99% used [0x00000000d7080000,0x00000000d727cc00,0x00000000d7280000)
  to   space 8704K, 0% used [0x00000000d7880000,0x00000000d7880000,0x00000000d8100000)
 ParOldGen       total 482816K, used 482565K [0x0000000080000000, 0x000000009d780000, 0x00000000d5580000)
  object space 482816K, 99% used [0x0000000080000000,0x000000009d741608,0x000000009d780000)
 Metaspace       used 64825K, committed 66176K, reserved 1114112K
  class space    used 5820K, committed 6400K, reserved 1048576K
}
Event: 24.905 GC heap before
{Heap before GC invocations=183 (full 3):
 PSYoungGen      total 29184K, used 29170K [0x00000000d5580000, 0x00000000d8100000, 0x0000000100000000)
  eden space 27136K, 99% used [0x00000000d5580000,0x00000000d6ffffd0,0x00000000d7000000)
  from space 2048K, 99% used [0x00000000d7080000,0x00000000d727cc00,0x00000000d7280000)
  to   space 8704K, 0% used [0x00000000d7880000,0x00000000d7880000,0x00000000d8100000)
 ParOldGen       total 482816K, used 482565K [0x0000000080000000, 0x000000009d780000, 0x00000000d5580000)
  object space 482816K, 99% used [0x0000000080000000,0x000000009d741608,0x000000009d780000)
 Metaspace       used 65109K, committed 66432K, reserved 1114112K
  class space    used 5869K, committed 6464K, reserved 1048576K
}
Event: 24.912 GC heap after
{Heap after GC invocations=183 (full 3):
 PSYoungGen      total 35328K, used 8429K [0x00000000d5580000, 0x00000000d8180000, 0x0000000100000000)
  eden space 26624K, 0% used [0x00000000d5580000,0x00000000d5580000,0x00000000d6f80000)
  from space 8704K, 96% used [0x00000000d7880000,0x00000000d80bb6e8,0x00000000d8100000)
  to   space 9216K, 0% used [0x00000000d6f80000,0x00000000d6f80000,0x00000000d7880000)
 ParOldGen       total 483840K, used 483367K [0x0000000080000000, 0x000000009d880000, 0x00000000d5580000)
  object space 483840K, 99% used [0x0000000080000000,0x000000009d809e28,0x000000009d880000)
 Metaspace       used 65109K, committed 66432K, reserved 1114112K
  class space    used 5869K, committed 6464K, reserved 1048576K
}
Event: 25.224 GC heap before
{Heap before GC invocations=184 (full 3):
 PSYoungGen      total 35328K, used 35053K [0x00000000d5580000, 0x00000000d8180000, 0x0000000100000000)
  eden space 26624K, 100% used [0x00000000d5580000,0x00000000d6f80000,0x00000000d6f80000)
  from space 8704K, 96% used [0x00000000d7880000,0x00000000d80bb6e8,0x00000000d8100000)
  to   space 9216K, 0% used [0x00000000d6f80000,0x00000000d6f80000,0x00000000d7880000)
 ParOldGen       total 483840K, used 483367K [0x0000000080000000, 0x000000009d880000, 0x00000000d5580000)
  object space 483840K, 99% used [0x0000000080000000,0x000000009d809e28,0x000000009d880000)
 Metaspace       used 66345K, committed 67648K, reserved 1114112K
  class space    used 6038K, committed 6592K, reserved 1048576K
}
Event: 25.232 GC heap after
{Heap after GC invocations=184 (full 3):
 PSYoungGen      total 29184K, used 2676K [0x00000000d5580000, 0x00000000d7900000, 0x0000000100000000)
  eden space 26112K, 0% used [0x00000000d5580000,0x00000000d5580000,0x00000000d6f00000)
  from space 3072K, 87% used [0x00000000d6f80000,0x00000000d721d220,0x00000000d7280000)
  to   space 5120K, 0% used [0x00000000d7400000,0x00000000d7400000,0x00000000d7900000)
 ParOldGen       total 492032K, used 491757K [0x0000000080000000, 0x000000009e080000, 0x00000000d5580000)
  object space 492032K, 99% used [0x0000000080000000,0x000000009e03b608,0x000000009e080000)
 Metaspace       used 66345K, committed 67648K, reserved 1114112K
  class space    used 6038K, committed 6592K, reserved 1048576K
}
Event: 25.380 GC heap before
{Heap before GC invocations=185 (full 3):
 PSYoungGen      total 29184K, used 28788K [0x00000000d5580000, 0x00000000d7900000, 0x0000000100000000)
  eden space 26112K, 100% used [0x00000000d5580000,0x00000000d6f00000,0x00000000d6f00000)
  from space 3072K, 87% used [0x00000000d6f80000,0x00000000d721d220,0x00000000d7280000)
  to   space 5120K, 0% used [0x00000000d7400000,0x00000000d7400000,0x00000000d7900000)
 ParOldGen       total 492032K, used 491757K [0x0000000080000000, 0x000000009e080000, 0x00000000d5580000)
  object space 492032K, 99% used [0x0000000080000000,0x000000009e03b608,0x000000009e080000)
 Metaspace       used 66795K, committed 68096K, reserved 1114112K
  class space    used 6083K, committed 6656K, reserved 1048576K
}
Event: 25.388 GC heap after
{Heap after GC invocations=185 (full 3):
 PSYoungGen      total 29696K, used 4088K [0x00000000d5580000, 0x00000000d7800000, 0x0000000100000000)
  eden space 25600K, 0% used [0x00000000d5580000,0x00000000d5580000,0x00000000d6e80000)
  from space 4096K, 99% used [0x00000000d7400000,0x00000000d77fe008,0x00000000d7800000)
  to   space 4608K, 0% used [0x00000000d6f00000,0x00000000d6f00000,0x00000000d7380000)
 ParOldGen       total 494592K, used 494275K [0x0000000080000000, 0x000000009e300000, 0x00000000d5580000)
  object space 494592K, 99% used [0x0000000080000000,0x000000009e2b0f48,0x000000009e300000)
 Metaspace       used 66795K, committed 68096K, reserved 1114112K
  class space    used 6083K, committed 6656K, reserved 1048576K
}
Event: 25.472 GC heap before
{Heap before GC invocations=186 (full 3):
 PSYoungGen      total 29696K, used 29688K [0x00000000d5580000, 0x00000000d7800000, 0x0000000100000000)
  eden space 25600K, 100% used [0x00000000d5580000,0x00000000d6e80000,0x00000000d6e80000)
  from space 4096K, 99% used [0x00000000d7400000,0x00000000d77fe008,0x00000000d7800000)
  to   space 4608K, 0% used [0x00000000d6f00000,0x00000000d6f00000,0x00000000d7380000)
 ParOldGen       total 494592K, used 494275K [0x0000000080000000, 0x000000009e300000, 0x00000000d5580000)
  object space 494592K, 99% used [0x0000000080000000,0x000000009e2b0f48,0x000000009e300000)
 Metaspace       used 66797K, committed 68096K, reserved 1114112K
  class space    used 6083K, committed 6656K, reserved 1048576K
}
Event: 25.522 GC heap after
{Heap after GC invocations=186 (full 3):
 PSYoungGen      total 29696K, used 4320K [0x00000000d5580000, 0x00000000d7700000, 0x0000000100000000)
  eden space 25088K, 0% used [0x00000000d5580000,0x00000000d5580000,0x00000000d6e00000)
  from space 4608K, 93% used [0x00000000d6f00000,0x00000000d7338000,0x00000000d7380000)
  to   space 3584K, 0% used [0x00000000d7380000,0x00000000d7380000,0x00000000d7700000)
 ParOldGen       total 498176K, used 497947K [0x0000000080000000, 0x000000009e680000, 0x00000000d5580000)
  object space 498176K, 99% used [0x0000000080000000,0x000000009e646f60,0x000000009e680000)
 Metaspace       used 66797K, committed 68096K, reserved 1114112K
  class space    used 6083K, committed 6656K, reserved 1048576K
}
Event: 25.579 GC heap before
{Heap before GC invocations=187 (full 3):
 PSYoungGen      total 29696K, used 29408K [0x00000000d5580000, 0x00000000d7700000, 0x0000000100000000)
  eden space 25088K, 100% used [0x00000000d5580000,0x00000000d6e00000,0x00000000d6e00000)
  from space 4608K, 93% used [0x00000000d6f00000,0x00000000d7338000,0x00000000d7380000)
  to   space 3584K, 0% used [0x00000000d7380000,0x00000000d7380000,0x00000000d7700000)
 ParOldGen       total 498176K, used 497947K [0x0000000080000000, 0x000000009e680000, 0x00000000d5580000)
  object space 498176K, 99% used [0x0000000080000000,0x000000009e646f60,0x000000009e680000)
 Metaspace       used 66797K, committed 68096K, reserved 1114112K
  class space    used 6083K, committed 6656K, reserved 1048576K
}

